#
# There is insufficient memory for the Java Runtime Environment to continue.
# Native memory allocation (mmap) failed to map 108527616 bytes for committing reserved memory.
# Possible reasons:
#   The system is out of physical RAM or swap space
#   In 32 bit mode, the process size limit was hit
# Possible solutions:
#   Reduce memory load on the system
#   Increase physical memory or swap space
#   Check if swap backing store is full
#   Use 64 bit Java on a 64 bit OS
#   Decrease Java heap size (-Xmx/-Xms)
#   Decrease number of Java threads
#   Decrease Java thread stack sizes (-Xss)
#   Set larger code cache with -XX:ReservedCodeCacheSize=
# This output file may be truncated or incomplete.
#
#  Out of Memory Error (os_linux.cpp:2640), pid=30200, tid=0x00007f805c38e700
#
# JRE version: OpenJDK Runtime Environment (8.0_172) (build 1.8.0_172-solus-b00)
# Java VM: OpenJDK 64-Bit Server VM (25.172-b00 mixed mode linux-amd64 compressed oops)
# Failed to write core dump. Core dumps have been disabled. To enable core dumping, try "ulimit -c unlimited" before starting Java again
#

---------------  T H R E A D  ---------------

Current thread (0x00007f807c07f800):  VMThread [stack: 0x00007f805c28f000,0x00007f805c38f000] [id=30212]

Stack: [0x00007f805c28f000,0x00007f805c38f000],  sp=0x00007f805c38d480,  free space=1017k
Native frames: (J=compiled Java code, j=interpreted, Vv=VM code, C=native code)
V  [libjvm.so+0xaaa732]
V  [libjvm.so+0x4d9aa7]
V  [libjvm.so+0x8e5d10]
V  [libjvm.so+0x8e028e]
V  [libjvm.so+0x960bc6]
V  [libjvm.so+0x961f38]
V  [libjvm.so+0x95e536]
V  [libjvm.so+0x95e8cc]
V  [libjvm.so+0x90cff8]
V  [libjvm.so+0xaac3e2]
V  [libjvm.so+0xab1586]
V  [libjvm.so+0xaaecd1]
V  [libjvm.so+0xab0173]
V  [libjvm.so+0xab0557]
V  [libjvm.so+0x8e3182]

VM_Operation (0x00007f805665ff30): ParallelGCFailedAllocation, mode: safepoint, requested by thread 0x00007f800800c000


---------------  P R O C E S S  ---------------

Java Threads: ( => current thread )
  0x00007f7ff5176800 JavaThread "Memory manager" [_thread_blocked, id=30253, stack(0x00007f804feff000,0x00007f8050000000)]
  0x00007f7ff4f24800 JavaThread "build operations Thread 8" [_thread_blocked, id=30252, stack(0x00007f805437f000,0x00007f8054480000)]
  0x00007f7ff4f22800 JavaThread "build operations Thread 7" [_thread_blocked, id=30251, stack(0x00007f8054480000,0x00007f8054581000)]
  0x00007f7ff4f21000 JavaThread "build operations Thread 6" [_thread_blocked, id=30250, stack(0x00007f8054581000,0x00007f8054682000)]
  0x00007f7ff4f1f800 JavaThread "build operations Thread 5" [_thread_blocked, id=30249, stack(0x00007f8054682000,0x00007f8054783000)]
  0x00007f7ff4f1c800 JavaThread "build operations Thread 4" [_thread_blocked, id=30248, stack(0x00007f8054783000,0x00007f8054884000)]
  0x00007f7ff4f1b000 JavaThread "build operations Thread 3" [_thread_blocked, id=30247, stack(0x00007f8054884000,0x00007f8054985000)]
  0x00007f7ff4f1a000 JavaThread "build operations Thread 2" [_thread_blocked, id=30246, stack(0x00007f8054985000,0x00007f8054a86000)]
  0x00007f7ff4f17800 JavaThread "build operations" [_thread_blocked, id=30245, stack(0x00007f8054a86000,0x00007f8054b87000)]
  0x00007f7ff4b12800 JavaThread "Cache worker for Artifact transforms cache (/home/tim/.gradle/caches/transforms-1)" [_thread_blocked, id=30244, stack(0x00007f8055387000,0x00007f8055488000)]
  0x00007f7ff420e800 JavaThread "Cache worker for file hash cache (/home/tim/Documents/GitProjects/SOP6/test-project/.gradle/4.0/fileHashes)" [_thread_blocked, id=30242, stack(0x00007f8055e63000,0x00007f8055f64000)]
  0x00007f7ff411b800 JavaThread "File lock request listener" [_thread_in_native, id=30241, stack(0x00007f8055f64000,0x00007f8056065000)]
  0x00007f7ff4117000 JavaThread "Cache worker for file hash cache (/home/tim/.gradle/caches/4.0/fileHashes)" [_thread_blocked, id=30240, stack(0x00007f8056065000,0x00007f8056166000)]
  0x00007f7ff4014000 JavaThread "Stdin handler" [_thread_blocked, id=30239, stack(0x00007f8056366000,0x00007f8056467000)]
  0x00007f7ff4006000 JavaThread "Asynchronous log dispatcher for DefaultDaemonConnection: socket connection from /127.0.0.1:46149 to /127.0.0.1:46342" [_thread_blocked, id=30238, stack(0x00007f8056467000,0x00007f8056568000)]
  0x00007f800800c000 JavaThread "Daemon worker" [_thread_blocked, id=30235, stack(0x00007f8056568000,0x00007f8056669000)]
  0x00007f800800a800 JavaThread "Cancel handler" [_thread_blocked, id=30234, stack(0x00007f8056669000,0x00007f805676a000)]
  0x00007f8008007000 JavaThread "Handler for socket connection from /127.0.0.1:46149 to /127.0.0.1:46342" [_thread_in_native, id=30233, stack(0x00007f805676a000,0x00007f805686b000)]
  0x00007f801001e000 JavaThread "Daemon" [_thread_blocked, id=30232, stack(0x00007f805686b000,0x00007f805696c000)]
  0x00007f807cd49800 JavaThread "Daemon periodic checks" [_thread_blocked, id=30231, stack(0x00007f805696c000,0x00007f8056a6d000)]
  0x00007f807cd0b800 JavaThread "Incoming local TCP Connector on port 46149" [_thread_in_native, id=30223, stack(0x00007f8056a6d000,0x00007f8056b6e000)]
  0x00007f807c0d2000 JavaThread "Service Thread" daemon [_thread_blocked, id=30220, stack(0x00007f80579fa000,0x00007f8057afb000)]
  0x00007f807c0c7000 JavaThread "C1 CompilerThread3" daemon [_thread_blocked, id=30219, stack(0x00007f8057afc000,0x00007f8057bfc000)]
  0x00007f807c0c4800 JavaThread "C2 CompilerThread2" daemon [_thread_blocked, id=30218, stack(0x00007f8057bfd000,0x00007f8057cfd000)]
  0x00007f807c0c3000 JavaThread "C2 CompilerThread1" daemon [_thread_in_native, id=30217, stack(0x00007f8057cfe000,0x00007f8057dfe000)]
  0x00007f807c0c0000 JavaThread "C2 CompilerThread0" daemon [_thread_blocked, id=30216, stack(0x00007f8057dff000,0x00007f8057eff000)]
  0x00007f807c0be800 JavaThread "Signal Dispatcher" daemon [_thread_blocked, id=30215, stack(0x00007f8057eff000,0x00007f8058000000)]
  0x00007f807c08b800 JavaThread "Finalizer" daemon [_thread_blocked, id=30214, stack(0x00007f805c08c000,0x00007f805c18d000)]
  0x00007f807c087000 JavaThread "Reference Handler" daemon [_thread_blocked, id=30213, stack(0x00007f805c18d000,0x00007f805c28e000)]
  0x00007f807c00a000 JavaThread "main" [_thread_blocked, id=30202, stack(0x00007f8080c9d000,0x00007f8080d9d000)]

Other Threads:
=>0x00007f807c07f800 VMThread [stack: 0x00007f805c28f000,0x00007f805c38f000] [id=30212]
  0x00007f807c0d4800 WatcherThread [stack: 0x00007f80578fa000,0x00007f80579fa000] [id=30221]

VM state:at safepoint (normal execution)

VM Mutex/Monitor currently owned by a thread:  ([mutex/lock_event])
[0x00007f807c007a20] Threads_lock - owner thread: 0x00007f807c07f800
[0x00007f807c007f20] Heap_lock - owner thread: 0x00007f800800c000

Heap:
 PSYoungGen      total 227328K, used 15860K [0x00000000eab00000, 0x00000000f9880000, 0x0000000100000000)
  eden space 211456K, 0% used [0x00000000eab00000,0x00000000eab00000,0x00000000f7980000)
  from space 15872K, 99% used [0x00000000f7980000,0x00000000f88fd118,0x00000000f8900000)
  to   space 10240K, 0% used [0x00000000f8e80000,0x00000000f8e80000,0x00000000f9880000)
 ParOldGen       total 83456K, used 22206K [0x00000000c0000000, 0x00000000c5180000, 0x00000000eab00000)
  object space 83456K, 26% used [0x00000000c0000000,0x00000000c15afb98,0x00000000c5180000)
 Metaspace       used 41758K, capacity 42754K, committed 42880K, reserved 1085440K
  class space    used 5893K, capacity 6234K, committed 6272K, reserved 1048576K

Card table byte_map: [0x00007f808067a000,0x00007f808087b000] byte_map_base: 0x00007f808007a000

Marking Bits: (ParMarkBitMap*) 0x00007f8081e6d1a0
 Begin Bits: [0x00007f805e000000, 0x00007f805f000000)
 End Bits:   [0x00007f805f000000, 0x00007f8060000000)

Polling page: 0x00007f80820c2000

CodeCache: size=245760Kb used=17615Kb max_used=17615Kb free=228144Kb
 bounds [0x00007f806d000000, 0x00007f806e140000, 0x00007f807c000000]
 total_blobs=5430 nmethods=4729 adapters=615
 compilation: enabled

Compilation events (10 events):
Event: 7.680 Thread 0x00007f807c0c7000 4774       3       org.codehaus.groovy.classgen.asm.BytecodeHelper::box (65 bytes)
Event: 7.681 Thread 0x00007f807c0c7000 nmethod 4774 0x00007f806e13b8d0 code [0x00007f806e13bbc0, 0x00007f806e13d378]
Event: 7.697 Thread 0x00007f807c0c7000 4776       3       org.codehaus.groovy.runtime.callsite.AbstractCallSite::noWrappers (27 bytes)
Event: 7.698 Thread 0x00007f807c0c7000 nmethod 4776 0x00007f806e13e150 code [0x00007f806e13e2c0, 0x00007f806e13e5f0]
Event: 7.698 Thread 0x00007f807c0c7000 4777       3       org.codehaus.groovy.runtime.callsite.AbstractCallSite::noCoerce (54 bytes)
Event: 7.698 Thread 0x00007f807c0c7000 nmethod 4777 0x00007f806e13e710 code [0x00007f806e13e8c0, 0x00007f806e13edd8]
Event: 7.698 Thread 0x00007f807c0c7000 4778       3       java.security.ProtectionDomain$Key::<init> (5 bytes)
Event: 7.699 Thread 0x00007f807c0c7000 nmethod 4778 0x00007f806e13f010 code [0x00007f806e13f180, 0x00007f806e13f330]
Event: 7.719 Thread 0x00007f807c0c7000 4779       1       org.gradle.api.internal.project.DefaultProject::getTasks (5 bytes)
Event: 7.719 Thread 0x00007f807c0c7000 nmethod 4779 0x00007f806e13f3d0 code [0x00007f806e13f520, 0x00007f806e13f630]

GC Heap History (10 events):
Event: 1.894 GC heap after
Heap after GC invocations=4 (full 0):
 PSYoungGen      total 132096K, used 5104K [0x00000000eab00000, 0x00000000f3100000, 0x0000000100000000)
  eden space 126976K, 0% used [0x00000000eab00000,0x00000000eab00000,0x00000000f2700000)
  from space 5120K, 99% used [0x00000000f2c00000,0x00000000f30fc020,0x00000000f3100000)
  to   space 5120K, 0% used [0x00000000f2700000,0x00000000f2700000,0x00000000f2c00000)
 ParOldGen       total 84992K, used 9726K [0x00000000c0000000, 0x00000000c5300000, 0x00000000eab00000)
  object space 84992K, 11% used [0x00000000c0000000,0x00000000c097fad8,0x00000000c5300000)
 Metaspace       used 20780K, capacity 21168K, committed 21248K, reserved 1067008K
  class space    used 2857K, capacity 3036K, committed 3072K, reserved 1048576K
}
Event: 1.894 GC heap before
{Heap before GC invocations=5 (full 1):
 PSYoungGen      total 132096K, used 5104K [0x00000000eab00000, 0x00000000f3100000, 0x0000000100000000)
  eden space 126976K, 0% used [0x00000000eab00000,0x00000000eab00000,0x00000000f2700000)
  from space 5120K, 99% used [0x00000000f2c00000,0x00000000f30fc020,0x00000000f3100000)
  to   space 5120K, 0% used [0x00000000f2700000,0x00000000f2700000,0x00000000f2c00000)
 ParOldGen       total 84992K, used 9726K [0x00000000c0000000, 0x00000000c5300000, 0x00000000eab00000)
  object space 84992K, 11% used [0x00000000c0000000,0x00000000c097fad8,0x00000000c5300000)
 Metaspace       used 20780K, capacity 21168K, committed 21248K, reserved 1067008K
  class space    used 2857K, capacity 3036K, committed 3072K, reserved 1048576K
Event: 1.922 GC heap after
Heap after GC invocations=5 (full 1):
 PSYoungGen      total 132096K, used 0K [0x00000000eab00000, 0x00000000f3100000, 0x0000000100000000)
  eden space 126976K, 0% used [0x00000000eab00000,0x00000000eab00000,0x00000000f2700000)
  from space 5120K, 0% used [0x00000000f2c00000,0x00000000f2c00000,0x00000000f3100000)
  to   space 5120K, 0% used [0x00000000f2700000,0x00000000f2700000,0x00000000f2c00000)
 ParOldGen       total 55296K, used 7958K [0x00000000c0000000, 0x00000000c3600000, 0x00000000eab00000)
  object space 55296K, 14% used [0x00000000c0000000,0x00000000c07c59d8,0x00000000c3600000)
 Metaspace       used 20780K, capacity 21168K, committed 21248K, reserved 1067008K
  class space    used 2857K, capacity 3036K, committed 3072K, reserved 1048576K
}
Event: 3.453 GC heap before
{Heap before GC invocations=6 (full 1):
 PSYoungGen      total 132096K, used 126976K [0x00000000eab00000, 0x00000000f3100000, 0x0000000100000000)
  eden space 126976K, 100% used [0x00000000eab00000,0x00000000f2700000,0x00000000f2700000)
  from space 5120K, 0% used [0x00000000f2c00000,0x00000000f2c00000,0x00000000f3100000)
  to   space 5120K, 0% used [0x00000000f2700000,0x00000000f2700000,0x00000000f2c00000)
 ParOldGen       total 55296K, used 7958K [0x00000000c0000000, 0x00000000c3600000, 0x00000000eab00000)
  object space 55296K, 14% used [0x00000000c0000000,0x00000000c07c59d8,0x00000000c3600000)
 Metaspace       used 31489K, capacity 32072K, committed 32384K, reserved 1077248K
  class space    used 4346K, capacity 4612K, committed 4736K, reserved 1048576K
Event: 3.464 GC heap after
Heap after GC invocations=6 (full 1):
 PSYoungGen      total 132096K, used 5112K [0x00000000eab00000, 0x00000000f9e80000, 0x0000000100000000)
  eden space 126976K, 0% used [0x00000000eab00000,0x00000000eab00000,0x00000000f2700000)
  from space 5120K, 99% used [0x00000000f2700000,0x00000000f2bfe0b0,0x00000000f2c00000)
  to   space 16384K, 0% used [0x00000000f8e80000,0x00000000f8e80000,0x00000000f9e80000)
 ParOldGen       total 55296K, used 17019K [0x00000000c0000000, 0x00000000c3600000, 0x00000000eab00000)
  object space 55296K, 30% used [0x00000000c0000000,0x00000000c109ec00,0x00000000c3600000)
 Metaspace       used 31489K, capacity 32072K, committed 32384K, reserved 1077248K
  class space    used 4346K, capacity 4612K, committed 4736K, reserved 1048576K
}
Event: 4.332 GC heap before
{Heap before GC invocations=7 (full 1):
 PSYoungGen      total 132096K, used 53114K [0x00000000eab00000, 0x00000000f9e80000, 0x0000000100000000)
  eden space 126976K, 37% used [0x00000000eab00000,0x00000000ed9e09b0,0x00000000f2700000)
  from space 5120K, 99% used [0x00000000f2700000,0x00000000f2bfe0b0,0x00000000f2c00000)
  to   space 16384K, 0% used [0x00000000f8e80000,0x00000000f8e80000,0x00000000f9e80000)
 ParOldGen       total 55296K, used 17019K [0x00000000c0000000, 0x00000000c3600000, 0x00000000eab00000)
  object space 55296K, 30% used [0x00000000c0000000,0x00000000c109ec00,0x00000000c3600000)
 Metaspace       used 34584K, capacity 35294K, committed 35416K, reserved 1079296K
  class space    used 4768K, capacity 5046K, committed 5120K, reserved 1048576K
Event: 4.342 GC heap after
Heap after GC invocations=7 (full 1):
 PSYoungGen      total 221696K, used 9926K [0x00000000eab00000, 0x00000000f9880000, 0x0000000100000000)
  eden space 211456K, 0% used [0x00000000eab00000,0x00000000eab00000,0x00000000f7980000)
  from space 10240K, 96% used [0x00000000f8e80000,0x00000000f9831820,0x00000000f9880000)
  to   space 15872K, 0% used [0x00000000f7980000,0x00000000f7980000,0x00000000f8900000)
 ParOldGen       total 55296K, used 17027K [0x00000000c0000000, 0x00000000c3600000, 0x00000000eab00000)
  object space 55296K, 30% used [0x00000000c0000000,0x00000000c10a0c00,0x00000000c3600000)
 Metaspace       used 34584K, capacity 35294K, committed 35416K, reserved 1079296K
  class space    used 4768K, capacity 5046K, committed 5120K, reserved 1048576K
}
Event: 4.342 GC heap before
{Heap before GC invocations=8 (full 2):
 PSYoungGen      total 221696K, used 9926K [0x00000000eab00000, 0x00000000f9880000, 0x0000000100000000)
  eden space 211456K, 0% used [0x00000000eab00000,0x00000000eab00000,0x00000000f7980000)
  from space 10240K, 96% used [0x00000000f8e80000,0x00000000f9831820,0x00000000f9880000)
  to   space 15872K, 0% used [0x00000000f7980000,0x00000000f7980000,0x00000000f8900000)
 ParOldGen       total 55296K, used 17027K [0x00000000c0000000, 0x00000000c3600000, 0x00000000eab00000)
  object space 55296K, 30% used [0x00000000c0000000,0x00000000c10a0c00,0x00000000c3600000)
 Metaspace       used 34584K, capacity 35294K, committed 35416K, reserved 1079296K
  class space    used 4768K, capacity 5046K, committed 5120K, reserved 1048576K
Event: 4.381 GC heap after
Heap after GC invocations=8 (full 2):
 PSYoungGen      total 221696K, used 0K [0x00000000eab00000, 0x00000000f9880000, 0x0000000100000000)
  eden space 211456K, 0% used [0x00000000eab00000,0x00000000eab00000,0x00000000f7980000)
  from space 10240K, 0% used [0x00000000f8e80000,0x00000000f8e80000,0x00000000f9880000)
  to   space 15872K, 0% used [0x00000000f7980000,0x00000000f7980000,0x00000000f8900000)
 ParOldGen       total 83456K, used 18458K [0x00000000c0000000, 0x00000000c5180000, 0x00000000eab00000)
  object space 83456K, 22% used [0x00000000c0000000,0x00000000c12069a8,0x00000000c5180000)
 Metaspace       used 34488K, capacity 35156K, committed 35416K, reserved 1079296K
  class space    used 4741K, capacity 5000K, committed 5120K, reserved 1048576K
}
Event: 7.734 GC heap before
{Heap before GC invocations=9 (full 2):
 PSYoungGen      total 221696K, used 211456K [0x00000000eab00000, 0x00000000f9880000, 0x0000000100000000)
  eden space 211456K, 100% used [0x00000000eab00000,0x00000000f7980000,0x00000000f7980000)
  from space 10240K, 0% used [0x00000000f8e80000,0x00000000f8e80000,0x00000000f9880000)
  to   space 15872K, 0% used [0x00000000f7980000,0x00000000f7980000,0x00000000f8900000)
 ParOldGen       total 83456K, used 18458K [0x00000000c0000000, 0x00000000c5180000, 0x00000000eab00000)
  object space 83456K, 22% used [0x00000000c0000000,0x00000000c12069a8,0x00000000c5180000)
 Metaspace       used 41758K, capacity 42754K, committed 42880K, reserved 1085440K
  class space    used 5893K, capacity 6234K, committed 6272K, reserved 1048576K

Deoptimization events (10 events):
Event: 6.063 Thread 0x00007f800800c000 Uncommon trap: reason=class_check action=maybe_recompile pc=0x00007f806dee23b8 method=org.gradle.model.internal.type.ModelType.wrap(Ljava/lang/reflect/Type;)Lorg/gradle/model/internal/type/TypeWrapper; @ 83
Event: 6.065 Thread 0x00007f800800c000 Uncommon trap: reason=class_check action=maybe_recompile pc=0x00007f806dee21fc method=org.gradle.model.internal.type.ModelType.wrap(Ljava/lang/reflect/Type;)Lorg/gradle/model/internal/type/TypeWrapper; @ 33
Event: 6.065 Thread 0x00007f800800c000 Uncommon trap: reason=class_check action=maybe_recompile pc=0x00007f806dee23b8 method=org.gradle.model.internal.type.ModelType.wrap(Ljava/lang/reflect/Type;)Lorg/gradle/model/internal/type/TypeWrapper; @ 83
Event: 6.150 Thread 0x00007f800800c000 Uncommon trap: reason=class_check action=maybe_recompile pc=0x00007f806d4ee4c4 method=java.lang.reflect.Method.equals(Ljava/lang/Object;)Z @ 5
Event: 6.150 Thread 0x00007f800800c000 Uncommon trap: reason=class_check action=maybe_recompile pc=0x00007f806d4ee4c4 method=java.lang.reflect.Method.equals(Ljava/lang/Object;)Z @ 5
Event: 6.213 Thread 0x00007f800800c000 Uncommon trap: reason=unstable_if action=reinterpret pc=0x00007f806db90e40 method=java.lang.reflect.AccessibleObject.setAccessible0(Ljava/lang/reflect/AccessibleObject;Z)V @ 23
Event: 6.340 Thread 0x00007f800800c000 Uncommon trap: reason=unstable_if action=reinterpret pc=0x00007f806d6c5f1c method=java.lang.String.lastIndexOf([CII[CIII)I @ 118
Event: 7.454 Thread 0x00007f800800c000 Uncommon trap: reason=predicate action=maybe_recompile pc=0x00007f806def695c method=java.util.TreeMap.put(Ljava/lang/Object;Ljava/lang/Object;)Ljava/lang/Object; @ 132
Event: 7.579 Thread 0x00007f800800c000 Uncommon trap: reason=unstable_if action=reinterpret pc=0x00007f806d703a08 method=java.lang.String.regionMatches(ZILjava/lang/String;II)Z @ 102
Event: 7.621 Thread 0x00007f800800c000 Uncommon trap: reason=bimorphic action=maybe_recompile pc=0x00007f806de7ea4c method=groovy.lang.MetaClassImpl.filterPropertyMethod(Ljava/lang/Object;ZZ)Ljava/lang/Object; @ 165

Classes redefined (0 events):
No events

Internal exceptions (10 events):
Event: 7.687 Thread 0x00007f800800c000 Exception <a 'java/lang/ClassNotFoundException': org/gradle/language/jvm/tasks/ProcessResources_DecoratedCustomizer> (0x00000000f76a2ce0) thrown at [/home/build/YPKG/root/openjdk-8/build/jdk8u-jdk8u172-b00/hotspot/src/share/vm/classfile/systemDictionary.c
Event: 7.717 Thread 0x00007f800800c000 Exception <a 'java/lang/ClassNotFoundException': org/jetbrains/plugins/gradle/model/DefaultExternalSourceSetBeanInfo> (0x00000000f77bc3c8) thrown at [/home/build/YPKG/root/openjdk-8/build/jdk8u-jdk8u172-b00/hotspot/src/share/vm/classfile/systemDictionary.
Event: 7.717 Thread 0x00007f800800c000 Exception <a 'java/lang/ClassNotFoundException': org/jetbrains/plugins/gradle/model/DefaultExternalSourceSetCustomizer> (0x00000000f77cbab0) thrown at [/home/build/YPKG/root/openjdk-8/build/jdk8u-jdk8u172-b00/hotspot/src/share/vm/classfile/systemDictionar
Event: 7.721 Thread 0x00007f800800c000 Exception <a 'java/lang/ClassNotFoundException': org/gradle/api/tasks/compile/JavaCompile_DecoratedBeanInfo> (0x00000000f7877808) thrown at [/home/build/YPKG/root/openjdk-8/build/jdk8u-jdk8u172-b00/hotspot/src/share/vm/classfile/systemDictionary.cpp, line
Event: 7.721 Thread 0x00007f800800c000 Exception <a 'java/lang/ClassNotFoundException': org/gradle/api/tasks/compile/JavaCompileBeanInfo> (0x00000000f7895cf0) thrown at [/home/build/YPKG/root/openjdk-8/build/jdk8u-jdk8u172-b00/hotspot/src/share/vm/classfile/systemDictionary.cpp, line 210]
Event: 7.722 Thread 0x00007f800800c000 Exception <a 'java/lang/ClassNotFoundException': org/gradle/api/tasks/compile/AbstractCompileBeanInfo> (0x00000000f78b59f0) thrown at [/home/build/YPKG/root/openjdk-8/build/jdk8u-jdk8u172-b00/hotspot/src/share/vm/classfile/systemDictionary.cpp, line 210]
Event: 7.722 Thread 0x00007f800800c000 Exception <a 'java/lang/ClassNotFoundException': org/gradle/api/tasks/SourceTaskBeanInfo> (0x00000000f78c54c0) thrown at [/home/build/YPKG/root/openjdk-8/build/jdk8u-jdk8u172-b00/hotspot/src/share/vm/classfile/systemDictionary.cpp, line 210]
Event: 7.722 Thread 0x00007f800800c000 Exception <a 'java/lang/ClassNotFoundException': org/gradle/api/tasks/SourceTaskCustomizer> (0x00000000f78d53b0) thrown at [/home/build/YPKG/root/openjdk-8/build/jdk8u-jdk8u172-b00/hotspot/src/share/vm/classfile/systemDictionary.cpp, line 210]
Event: 7.724 Thread 0x00007f800800c000 Exception <a 'java/lang/ClassNotFoundException': org/gradle/api/tasks/compile/AbstractCompileCustomizer> (0x00000000f79241e0) thrown at [/home/build/YPKG/root/openjdk-8/build/jdk8u-jdk8u172-b00/hotspot/src/share/vm/classfile/systemDictionary.cpp, line 210
Event: 7.724 Thread 0x00007f800800c000 Exception <a 'java/lang/ClassNotFoundException': org/gradle/api/tasks/compile/JavaCompileCustomizer> (0x00000000f79612d8) thrown at [/home/build/YPKG/root/openjdk-8/build/jdk8u-jdk8u172-b00/hotspot/src/share/vm/classfile/systemDictionary.cpp, line 210]

Events (10 events):
Event: 7.724 loading class org/gradle/api/tasks/compile/AbstractCompileCustomizer done
Event: 7.724 loading class org/gradle/api/tasks/compile/AbstractCompileCustomizer
Event: 7.724 loading class org/gradle/api/tasks/compile/AbstractCompileCustomizer done
Event: 7.724 loading class org/gradle/api/tasks/compile/JavaCompileCustomizer
Event: 7.724 loading class org/gradle/api/tasks/compile/JavaCompileCustomizer done
Event: 7.724 loading class org/gradle/api/tasks/compile/JavaCompileCustomizer
Event: 7.724 loading class org/gradle/api/tasks/compile/JavaCompileCustomizer done
Event: 7.724 loading class org/gradle/api/tasks/compile/JavaCompileCustomizer
Event: 7.724 loading class org/gradle/api/tasks/compile/JavaCompileCustomizer done
Event: 7.728 Executing VM operation: ParallelGCFailedAllocation


Dynamic libraries:
00400000-00401000 r-xp 00000000 08:13 3942407                            /usr/lib64/openjdk-8/bin/java
00401000-00402000 r--p 00000000 08:13 3942407                            /usr/lib64/openjdk-8/bin/java
00402000-00403000 rw-p 00001000 08:13 3942407                            /usr/lib64/openjdk-8/bin/java
01f56000-01f77000 rw-p 00000000 00:00 0                                  [heap]
c0000000-c5180000 rw-p 00000000 00:00 0 
c5180000-eab00000 ---p 00000000 00:00 0 
eab00000-f9880000 rw-p 00000000 00:00 0 
100000000-100620000 rw-p 00000000 00:00 0 
100620000-140000000 ---p 00000000 00:00 0 
7f7fbc000000-7f7fbc021000 rw-p 00000000 00:00 0 
7f7fbc021000-7f7fc0000000 ---p 00000000 00:00 0 
7f7fc0000000-7f7fc0021000 rw-p 00000000 00:00 0 
7f7fc0021000-7f7fc4000000 ---p 00000000 00:00 0 
7f7fc4000000-7f7fc4021000 rw-p 00000000 00:00 0 
7f7fc4021000-7f7fc8000000 ---p 00000000 00:00 0 
7f7fc8000000-7f7fc8021000 rw-p 00000000 00:00 0 
7f7fc8021000-7f7fcc000000 ---p 00000000 00:00 0 
7f7fcc000000-7f7fcc021000 rw-p 00000000 00:00 0 
7f7fcc021000-7f7fd0000000 ---p 00000000 00:00 0 
7f7fd0000000-7f7fd0021000 rw-p 00000000 00:00 0 
7f7fd0021000-7f7fd4000000 ---p 00000000 00:00 0 
7f7fd4000000-7f7fd4021000 rw-p 00000000 00:00 0 
7f7fd4021000-7f7fd8000000 ---p 00000000 00:00 0 
7f7fd8000000-7f7fd8021000 rw-p 00000000 00:00 0 
7f7fd8021000-7f7fdc000000 ---p 00000000 00:00 0 
7f7fdc000000-7f7fdc021000 rw-p 00000000 00:00 0 
7f7fdc021000-7f7fe0000000 ---p 00000000 00:00 0 
7f7fe0000000-7f7fe0021000 rw-p 00000000 00:00 0 
7f7fe0021000-7f7fe4000000 ---p 00000000 00:00 0 
7f7fe4000000-7f7fe4021000 rw-p 00000000 00:00 0 
7f7fe4021000-7f7fe8000000 ---p 00000000 00:00 0 
7f7fe8000000-7f7fe8021000 rw-p 00000000 00:00 0 
7f7fe8021000-7f7fec000000 ---p 00000000 00:00 0 
7f7fec000000-7f7fec021000 rw-p 00000000 00:00 0 
7f7fec021000-7f7ff0000000 ---p 00000000 00:00 0 
7f7ff0000000-7f7ff0067000 rw-p 00000000 00:00 0 
7f7ff0067000-7f7ff4000000 ---p 00000000 00:00 0 
7f7ff4000000-7f7ff5591000 rw-p 00000000 00:00 0 
7f7ff5591000-7f7ff8000000 ---p 00000000 00:00 0 
7f7ff8000000-7f7ff8021000 rw-p 00000000 00:00 0 
7f7ff8021000-7f7ffc000000 ---p 00000000 00:00 0 
7f7ffc000000-7f7ffc022000 rw-p 00000000 00:00 0 
7f7ffc022000-7f8000000000 ---p 00000000 00:00 0 
7f8000000000-7f8000021000 rw-p 00000000 00:00 0 
7f8000021000-7f8004000000 ---p 00000000 00:00 0 
7f8004000000-7f8004021000 rw-p 00000000 00:00 0 
7f8004021000-7f8008000000 ---p 00000000 00:00 0 
7f8008000000-7f8008021000 rw-p 00000000 00:00 0 
7f8008021000-7f800c000000 ---p 00000000 00:00 0 
7f800c000000-7f800c021000 rw-p 00000000 00:00 0 
7f800c021000-7f8010000000 ---p 00000000 00:00 0 
7f8010000000-7f8010069000 rw-p 00000000 00:00 0 
7f8010069000-7f8014000000 ---p 00000000 00:00 0 
7f8014000000-7f8014b81000 rw-p 00000000 00:00 0 
7f8014b81000-7f8018000000 ---p 00000000 00:00 0 
7f8018000000-7f8018021000 rw-p 00000000 00:00 0 
7f8018021000-7f801c000000 ---p 00000000 00:00 0 
7f801c000000-7f801df77000 rw-p 00000000 00:00 0 
7f801df77000-7f8020000000 ---p 00000000 00:00 0 
7f8020000000-7f8021b57000 rw-p 00000000 00:00 0 
7f8021b57000-7f8024000000 ---p 00000000 00:00 0 
7f8024000000-7f8025db4000 rw-p 00000000 00:00 0 
7f8025db4000-7f8028000000 ---p 00000000 00:00 0 
7f802930d000-7f8030000000 r--p 00000000 08:13 4202858                    /usr/lib64/locale/locale-archive
7f8030000000-7f8030021000 rw-p 00000000 00:00 0 
7f8030021000-7f8034000000 ---p 00000000 00:00 0 
7f8034000000-7f8034021000 rw-p 00000000 00:00 0 
7f8034021000-7f8038000000 ---p 00000000 00:00 0 
7f8038000000-7f8038021000 rw-p 00000000 00:00 0 
7f8038021000-7f803c000000 ---p 00000000 00:00 0 
7f803c000000-7f803c021000 rw-p 00000000 00:00 0 
7f803c021000-7f8040000000 ---p 00000000 00:00 0 
7f8040000000-7f8040021000 rw-p 00000000 00:00 0 
7f8040021000-7f8044000000 ---p 00000000 00:00 0 
7f8044000000-7f8044021000 rw-p 00000000 00:00 0 
7f8044021000-7f8048000000 ---p 00000000 00:00 0 
7f8048000000-7f8048021000 rw-p 00000000 00:00 0 
7f8048021000-7f804c000000 ---p 00000000 00:00 0 
7f804f8ff000-7f804fabf000 rw-p 00000000 00:00 0 
7f804fabf000-7f804faff000 ---p 00000000 00:00 0 
7f804faff000-7f804fcff000 rw-p 00000000 00:00 0 
7f804fcff000-7f804feff000 rw-p 00000000 00:00 0 
7f804feff000-7f804ff02000 ---p 00000000 00:00 0 
7f804ff02000-7f8050000000 rw-p 00000000 00:00 0 
7f8050000000-7f8050021000 rw-p 00000000 00:00 0 
7f8050021000-7f8054000000 ---p 00000000 00:00 0 
7f8054050000-7f8054250000 rw-p 00000000 00:00 0 
7f8054250000-7f8054253000 r--s 00023000 08:13 2759118                    /home/tim/.gradle/caches/modules-2/files-2.1/jdom/jdom/1.0/a2ac1cd690ab4c80defe7f9bce14d35934c35cec/jdom-1.0.jar
7f8054253000-7f8054255000 r--s 0000c000 08:13 22026135                   /home/tim/.gradle/caches/modules-2/files-2.1/org.objenesis/objenesis/2.6/639033469776fd37c08358c6b92a4761feb2af4b/objenesis-2.6.jar
7f8054255000-7f8054258000 r--s 0000e000 08:13 22026139                   /home/tim/.gradle/caches/modules-2/files-2.1/com.fasterxml.jackson.core/jackson-annotations/2.9.0/7c10d545325e3a6e72e06381afe469fd40eb701/jackson-annotations-2.9.0.jar
7f8054258000-7f8054259000 r--s 00002000 08:13 22026137                   /home/tim/.gradle/caches/modules-2/files-2.1/org.apache.ant/ant-launcher/1.7.1/a9cbbcefbbb5e7f97596045268243a8c1c7aafca/ant-launcher-1.7.1.jar
7f8054259000-7f805425b000 r--s 0001f000 08:13 2759116                    /home/tim/.gradle/caches/modules-2/files-2.1/isorelax/isorelax/20020414/80c676efa1c3218273c930822fed4c53fd904290/isorelax-20020414.jar
7f805425b000-7f805425c000 r--s 00004000 08:13 2759114                    /home/tim/.gradle/caches/modules-2/files-2.1/relaxngDatatype/relaxngDatatype/20020414/de7952cecd05b65e0e4370cc93fc03035175eef5/relaxngDatatype-20020414.jar
7f805425c000-7f805426b000 r--s 0010d000 08:13 2759120                    /home/tim/.gradle/caches/modules-2/files-2.1/msv/msv/20020414/42ededb9109dfea492e6aaf2a483cafd154fb9bd/msv-20020414.jar
7f805426b000-7f805426c000 r--s 00005000 08:13 2759112                    /home/tim/.gradle/caches/modules-2/files-2.1/saxpath/saxpath/1.0-FCS/69a47458a9966089491aa94bcb06cca51da2934b/saxpath-1.0-FCS.jar
7f805426c000-7f8054271000 r--s 0002a000 08:13 1188564                    /home/tim/.gradle/caches/modules-2/files-2.1/jaxen/jaxen/1.0-FCS/9609e8fbc28b62c53623ffaa441b666d17c7e1ef/jaxen-1.0-FCS.jar
7f8054271000-7f8054276000 r--s 00016000 08:13 2759110                    /home/tim/.gradle/caches/modules-2/files-2.1/xml-apis/xml-apis/1.0.b2/3136ca936f64c9d68529f048c2618bd356bf85c9/xml-apis-1.0.b2.jar
7f8054276000-7f8054278000 r--s 00005000 08:13 22026131                   /home/tim/.gradle/caches/modules-2/files-2.1/org.apache.geronimo.specs/geronimo-j2ee-deployment_1.1_spec/1.1/302da8d964b31905bef24f187ad59433a81f0bb5/geronimo-j2ee-deployment_1.1_spec-1.1.jar
7f8054278000-7f8054282000 r--s 00078000 08:13 20325995                   /home/tim/.gradle/caches/modules-2/files-2.1/org.apache.commons/commons-compress/1.15/b686cd04abaef1ea7bc5e143c080563668eec17e/commons-compress-1.15.jar
7f8054282000-7f8054296000 r--s 0012f000 08:13 22026145                   /home/tim/.gradle/caches/modules-2/files-2.1/org.apache.ant/ant/1.7.1/1d33711018e7649a8427fff62a87f94f4e7d310f/ant-1.7.1.jar
7f8054296000-7f805429e000 r--s 0006f000 08:13 2759122                    /home/tim/.gradle/caches/modules-2/files-2.1/dom4j/dom4j/1.4/8decb7e2c04c9340375aaf7dd43a7a6a9b9a46b1/dom4j-1.4.jar
7f805429e000-7f80542a5000 r--s 0003a000 08:13 22026123                   /home/tim/.gradle/caches/modules-2/files-2.1/commons-codec/commons-codec/1.8/af3be3f74d25fc5163b54f56a0d394b462dafafd/commons-codec-1.8.jar
7f80542a5000-7f80542a9000 r--s 0004b000 08:13 1972183                    /home/tim/.gradle/caches/modules-2/files-2.1/com.fasterxml.jackson.core/jackson-core/2.9.3/ea9b6fc7bc3ccba9777b0827091f9aa1f8580371/jackson-core-2.9.3.jar
7f80542a9000-7f80542bc000 r--s 00134000 08:13 22026125                   /home/tim/.gradle/caches/modules-2/files-2.1/com.fasterxml.jackson.core/jackson-databind/2.9.3/193b96ef555b2f2573b576887ba9a93e4bf48e8c/jackson-databind-2.9.3.jar
7f80542bc000-7f80542c3000 r--s 00049000 08:13 22026127                   /home/tim/.gradle/caches/modules-2/files-2.1/org.apache.httpcomponents/httpcore/4.4.5/e7501a1b34325abb00d17dde96150604a0658b54/httpcore-4.4.5.jar
7f80542c3000-7f80542c5000 r--s 00005000 08:13 22026121                   /home/tim/.gradle/caches/modules-2/files-2.1/xpp3/xpp3_min/1.1.4c/19d4e90b43059058f6e056f794f0ea4030d60b86/xpp3_min-1.1.4c.jar
7f80542c5000-7f80542c6000 r--s 00001000 08:13 22026117                   /home/tim/.gradle/caches/modules-2/files-2.1/xmlpull/xmlpull/1.1.3.1/2b8e230d2ab644e4ecaa94db7cdedbc40c805dfa/xmlpull-1.1.3.1.jar
7f80542c6000-7f80542c7000 r--s 00008000 08:13 2759100                    /home/tim/.gradle/caches/modules-2/files-2.1/org.codehaus.cargo/cargo-core-api-util/1.4.15/52fcea1084f076f7991d61c9e224fafb7c789e26/cargo-core-api-util-1.4.15.jar
7f80542c7000-7f80542cc000 r--s 00047000 08:13 2759124                    /home/tim/.gradle/caches/modules-2/files-2.1/org.codehaus.cargo/cargo-core-api-module/1.4.15/7b47a05f1d986fb6968e3892d135be7c4fc03572/cargo-core-api-module-1.4.15.jar
7f80542cc000-7f80542da000 r--s 00082000 08:13 22026119                   /home/tim/.gradle/caches/modules-2/files-2.1/com.thoughtworks.xstream/xstream/1.4.10/dfecae23647abc9d9fd0416629a4213a3882b101/xstream-1.4.10.jar
7f80542da000-7f8054305000 r--s 001fc000 08:13 22026133                   /home/tim/.gradle/caches/modules-2/files-2.1/com.google.guava/guava/18.0/cce0823396aa693798f8882e64213b1772032b09/guava-18.0.jar
7f8054305000-7f805430f000 r--s 00078000 08:13 22026115                   /home/tim/.gradle/caches/modules-2/files-2.1/org.sonarsource.scanner.api/sonar-scanner-api/2.9.0.887/daf561ff8b9d3f83bbd2080c44083147426dc9ae/sonar-scanner-api-2.9.0.887.jar
7f805430f000-7f805437f000 r--s 00646000 08:13 22026143                   /home/tim/.gradle/caches/modules-2/files-2.1/org.codehaus.groovy/groovy-all/2.4.12/760afc568cbd94c09d78f801ce51aed1326710af/groovy-all-2.4.12.jar
7f805437f000-7f8054382000 ---p 00000000 00:00 0 
7f8054382000-7f8054480000 rw-p 00000000 00:00 0 
7f8054480000-7f8054483000 ---p 00000000 00:00 0 
7f8054483000-7f8054581000 rw-p 00000000 00:00 0 
7f8054581000-7f8054584000 ---p 00000000 00:00 0 
7f8054584000-7f8054682000 rw-p 00000000 00:00 0 
7f8054682000-7f8054685000 ---p 00000000 00:00 0 
7f8054685000-7f8054783000 rw-p 00000000 00:00 0 
7f8054783000-7f8054786000 ---p 00000000 00:00 0 
7f8054786000-7f8054884000 rw-p 00000000 00:00 0 
7f8054884000-7f8054887000 ---p 00000000 00:00 0 
7f8054887000-7f8054985000 rw-p 00000000 00:00 0 
7f8054985000-7f8054988000 ---p 00000000 00:00 0 
7f8054988000-7f8054a86000 rw-p 00000000 00:00 0 
7f8054a86000-7f8054a89000 ---p 00000000 00:00 0 
7f8054a89000-7f8054d87000 rw-p 00000000 00:00 0 
7f8054d87000-7f8054f87000 rw-p 00000000 00:00 0 
7f8054f87000-7f8055187000 rw-p 00000000 00:00 0 
7f8055187000-7f8055387000 rw-p 00000000 00:00 0 
7f8055387000-7f805538a000 ---p 00000000 00:00 0 
7f805538a000-7f8055688000 rw-p 00000000 00:00 0 
7f8055688000-7f805568c000 r--s 0001d000 08:13 2759102                    /home/tim/.gradle/caches/modules-2/files-2.1/org.codehaus.cargo/cargo-core-api-container/1.4.15/e89708edcae6333dc8a63f918860efa207a1fea6/cargo-core-api-container-1.4.15.jar
7f805568c000-7f805569b000 r--s 000d9000 08:13 22026129                   /home/tim/.gradle/caches/modules-2/files-2.1/org.apache.ivy/ivy/2.2.0/f9d1e83e82fc085093510f7d2e77d81d52bc2081/ivy-2.2.0.jar
7f805569b000-7f805569f000 r--s 00027000 08:13 22026099                   /home/tim/.gradle/caches/modules-2/files-2.1/commons-io/commons-io/2.2/83b5b8a7ba1c08f9e8c8ff2373724e33d3c1e22a/commons-io-2.2.jar
7f805569f000-7f80556a1000 r--s 0000e000 08:13 22026097                   /home/tim/.gradle/caches/modules-2/files-2.1/commons-logging/commons-logging/1.2/4bfc12adfe4842bf07b657f0369c4cb522955686/commons-logging-1.2.jar
7f80556a1000-7f80556a4000 r--s 00010000 08:13 2759098                    /home/tim/.gradle/caches/modules-2/files-2.1/commons-discovery/commons-discovery/0.4/9e3417d3866d9f71e83b959b229b35dc723c7bea/commons-discovery-0.4.jar
7f80556a4000-7f80556a7000 r--s 00008000 08:13 2759108                    /home/tim/.gradle/caches/modules-2/files-2.1/org.codehaus.cargo/cargo-core-api-generic/1.4.15/c4607506b79ccd11319841af27bcbe5d7b7e3a25/cargo-core-api-generic-1.4.15.jar
7f80556a7000-7f80556a8000 r--s 00004000 08:13 2759106                    /home/tim/.gradle/caches/modules-2/files-2.1/org.codehaus.cargo/cargo-daemon-client/1.4.15/d1d3e8903625173732ea864ffef56d366a09464e/cargo-daemon-client-1.4.15.jar
7f80556a8000-7f80556b5000 r--s 000a7000 08:13 22026107                   /home/tim/.gradle/caches/modules-2/files-2.1/org.apache.httpcomponents/httpclient/4.5.2/733db77aa8d9b2d68015189df76ab06304406e50/httpclient-4.5.2.jar
7f80556b5000-7f80556b9000 r--s 0003c000 08:13 22026105                   /home/tim/.gradle/caches/modules-2/files-2.1/commons-lang/commons-lang/2.4/16313e02a793435009f1e458fa4af5d879f6fb11/commons-lang-2.4.jar
7f80556b9000-7f80556bb000 r--s 00011000 08:13 22026087                   /home/tim/.gradle/caches/modules-2/files-2.1/org.jfrog.buildinfo/build-info-api/2.10.1/81eeb39e1ae6609dd5dca6b7e737ff343095c897/build-info-api-2.10.1.jar
7f80556bb000-7f80556bd000 r--s 00009000 08:13 22026089                   /home/tim/.gradle/caches/modules-2/files-2.1/org.jfrog.buildinfo/build-info-client/2.10.1/a35c46ef29ad940a4b89cfc392d9d001f1002399/build-info-client-2.10.1.jar
7f80556bd000-7f80556c0000 r--s 00022000 08:13 22026091                   /home/tim/.gradle/caches/modules-2/files-2.1/org.jfrog.buildinfo/build-info-extractor/2.10.1/a3bb504ce351bed79fb4657a258107158bbf4fa1/build-info-extractor-2.10.1.jar
7f80556c0000-7f80556c1000 r--s 00005000 08:13 21374337                   /home/tim/.gradle/caches/modules-2/files-2.1/org.sonarsource.scanner.gradle/sonarqube-gradle-plugin/2.6/e06ebaa52ea0c1e7fe585d82a923008e8e91676a/sonarqube-gradle-plugin-2.6.jar
7f80556c1000-7f80556c5000 r--s 00026000 08:13 2759104                    /home/tim/.gradle/caches/modules-2/files-2.1/com.bmuschko/gradle-cargo-plugin/2.2.3/9afecc991198fd96c35d7991d0b18834cdbeafb/gradle-cargo-plugin-2.2.3.jar
7f80556c5000-7f80556c7000 r--s 00016000 08:13 21374339                   /home/tim/.gradle/caches/modules-2/files-2.1/org.jfrog.buildinfo/build-info-extractor-gradle/4.7.1/8ecd083a82d0f24efc584df6d7200c8ad640ca81/build-info-extractor-gradle-4.7.1.jar
7f80556c7000-7f80556cc000 r--s 00034000 08:13 18878821                   /home/tim/.gradle/caches/jars-3/a49ff22133c4b2692c72b3b7729fdafe/gson-2.8.2.jar
7f80556cc000-7f80556cd000 r--s 00003000 08:13 18750089                   /home/tim/.gradle/caches/jars-3/1c5b0368a16ae97c616d01e60e35506f/grails-rt.jar
7f80556cd000-7f805573d000 r--s 00646000 08:13 18750087                   /home/tim/.gradle/caches/jars-3/12c0fb1a973aed157d8fb02fcdc5a007/groovy-all-2.4.12.jar
7f805573d000-7f8055741000 r--s 0006e000 08:13 18750083                   /home/tim/.gradle/caches/jars-3/723a875764011cfe3df5b6c93224064c/gradle-tooling-extension-impl.jar
7f8055741000-7f8055750000 r--s 000d5000 08:13 18750085                   /home/tim/.gradle/caches/jars-3/995057aa0734fd02ac36209af08d680c/kotlin-runtime.jar
7f8055750000-7f8055950000 rw-p 00000000 00:00 0 
7f8055950000-7f8055b50000 rw-p 00000000 00:00 0 
7f8055b50000-7f8055b51000 r--s 00003000 08:13 18487193                   /home/tim/.gradle/caches/jars-3/3bf6cb36e6e3ae051e32e8cb27c2c2c2/kapt3-idea.jar
7f8055b51000-7f8055b52000 r--s 00005000 08:13 18360376                   /home/tim/.gradle/caches/jars-3/777b3eba626dc89f6295750ed246b6a9/grails-gradle-tooling.jar
7f8055b52000-7f8055b53000 r--s 00003000 08:13 18360374                   /home/tim/.gradle/caches/jars-3/1465ae8e0c09361aefc8cfc773493086/kotlin-gradle-tooling.jar
7f8055b53000-7f8055b54000 r--s 00002000 08:13 18360372                   /home/tim/.gradle/caches/jars-3/6bb2f962ae64ea48cdb0cf20cdd55e98/external-system-rt.jar
7f8055b54000-7f8055b57000 r--s 0000d000 08:13 18360370                   /home/tim/.gradle/caches/jars-3/df4a4ac2f404dbe4a83e0b47ea56ef65/gradle-tooling-extension-api.jar
7f8055b57000-7f8055b5d000 r--s 0002b000 08:13 18219932                   /home/tim/.gradle/caches/jars-3/743f21f4026f422c55d58f1e851d2d25/gradle-messaging-4.0.jar
7f8055b5d000-7f8055ba4000 r--s 0023e000 08:13 18219930                   /home/tim/.gradle/caches/jars-3/8729bd3522985b970f1e62c1acbddec5/gradle-core-4.0.jar
7f8055ba4000-7f8055ba9000 r--s 00041000 08:13 18219928                   /home/tim/.gradle/caches/jars-3/c0502f5c2cf6dfd52d250e1b7d027d24/commons-lang-2.6.jar
7f8055ba9000-7f8055bb4000 r--s 00053000 08:13 18219926                   /home/tim/.gradle/caches/jars-3/e783d52902b0979a5bda37a2fb27008b/gradle-base-services-4.0.jar
7f8055bb4000-7f8055bdc000 r--s 001cf000 08:13 18092997                   /home/tim/.gradle/caches/jars-3/566e7e0f530f75a42eba4833ef84d88c/guava-jdk5-17.0.jar
7f8055bdc000-7f8055be9000 r--s 00043000 08:13 17831189                   /home/tim/.gradle/caches/jars-3/42de0c78a4cdd8a545638a08cd27e9ed/gradle-tooling-api-4.0.jar
7f8055be9000-7f8055c63000 r--s 010ff000 08:13 4067335                    /usr/lib64/openjdk-8/lib/tools.jar
7f8055c63000-7f8055e63000 rw-p 00000000 00:00 0 
7f8055e63000-7f8055e66000 ---p 00000000 00:00 0 
7f8055e66000-7f8055f64000 rw-p 00000000 00:00 0 
7f8055f64000-7f8055f67000 ---p 00000000 00:00 0 
7f8055f67000-7f8056065000 rw-p 00000000 00:00 0 
7f8056065000-7f8056068000 ---p 00000000 00:00 0 
7f8056068000-7f8056366000 rw-p 00000000 00:00 0 
7f8056366000-7f8056369000 ---p 00000000 00:00 0 
7f8056369000-7f8056467000 rw-p 00000000 00:00 0 
7f8056467000-7f805646a000 ---p 00000000 00:00 0 
7f805646a000-7f8056568000 rw-p 00000000 00:00 0 
7f8056568000-7f805656b000 ---p 00000000 00:00 0 
7f805656b000-7f8056669000 rw-p 00000000 00:00 0 
7f8056669000-7f805666c000 ---p 00000000 00:00 0 
7f805666c000-7f805676a000 rw-p 00000000 00:00 0 
7f805676a000-7f805676d000 ---p 00000000 00:00 0 
7f805676d000-7f805686b000 rw-p 00000000 00:00 0 
7f805686b000-7f805686e000 ---p 00000000 00:00 0 
7f805686e000-7f805696c000 rw-p 00000000 00:00 0 
7f805696c000-7f805696f000 ---p 00000000 00:00 0 
7f805696f000-7f8056a6d000 rw-p 00000000 00:00 0 
7f8056a6d000-7f8056a70000 ---p 00000000 00:00 0 
7f8056a70000-7f8056d6e000 rw-p 00000000 00:00 0 
7f8056d6e000-7f8056d76000 r-xp 00000000 08:13 4066666                    /usr/lib64/openjdk-8/jre/lib/amd64/libmanagement.so
7f8056d76000-7f8056d77000 r--p 00007000 08:13 4066666                    /usr/lib64/openjdk-8/jre/lib/amd64/libmanagement.so
7f8056d77000-7f8056d78000 rw-p 00008000 08:13 4066666                    /usr/lib64/openjdk-8/jre/lib/amd64/libmanagement.so
7f8056d78000-7f8056d7d000 r--s 0009a000 08:13 4066721                    /usr/lib64/openjdk-8/jre/lib/jsse.jar
7f8056d7d000-7f8056d7f000 r--s 00007000 08:13 18219841                   /home/tim/.gradle/wrapper/dists/gradle-4.0-bin/3p92xsbhik5vmig8i90n16yxc/gradle-4.0/lib/plugins/gradle-tooling-api-builders-4.0.jar
7f8056d7f000-7f8056d82000 r--s 00009000 08:13 18219851                   /home/tim/.gradle/wrapper/dists/gradle-4.0-bin/3p92xsbhik5vmig8i90n16yxc/gradle-4.0/lib/plugins/gradle-testing-native-4.0.jar
7f8056d82000-7f8056d84000 r--s 00009000 08:13 18219924                   /home/tim/.gradle/wrapper/dists/gradle-4.0-bin/3p92xsbhik5vmig8i90n16yxc/gradle-4.0/lib/plugins/hamcrest-core-1.3.jar
7f8056d84000-7f8056d89000 r--s 00040000 08:13 18219919                   /home/tim/.gradle/wrapper/dists/gradle-4.0-bin/3p92xsbhik5vmig8i90n16yxc/gradle-4.0/lib/plugins/bsh-2.0b4.jar
7f8056d89000-7f8056d8b000 r--s 00006000 08:13 18219920                   /home/tim/.gradle/wrapper/dists/gradle-4.0-bin/3p92xsbhik5vmig8i90n16yxc/gradle-4.0/lib/plugins/jcommander-1.12.jar
7f8056d8b000-7f8056d91000 r--s 00033000 08:13 18219921                   /home/tim/.gradle/wrapper/dists/gradle-4.0-bin/3p92xsbhik5vmig8i90n16yxc/gradle-4.0/lib/plugins/snakeyaml-1.6.jar
7f8056d91000-7f8056d9a000 r--s 00089000 08:13 18219879                   /home/tim/.gradle/wrapper/dists/gradle-4.0-bin/3p92xsbhik5vmig8i90n16yxc/gradle-4.0/lib/plugins/testng-6.3.1.jar
7f8056d9a000-7f8056da2000 r--s 00045000 08:13 18219880                   /home/tim/.gradle/wrapper/dists/gradle-4.0-bin/3p92xsbhik5vmig8i90n16yxc/gradle-4.0/lib/plugins/junit-4.12.jar
7f8056da2000-7f8056da8000 r--s 0002e000 08:13 18219847                   /home/tim/.gradle/wrapper/dists/gradle-4.0-bin/3p92xsbhik5vmig8i90n16yxc/gradle-4.0/lib/plugins/gradle-testing-jvm-4.0.jar
7f8056da8000-7f8056dac000 r--s 00016000 08:13 18219855                   /home/tim/.gradle/wrapper/dists/gradle-4.0-bin/3p92xsbhik5vmig8i90n16yxc/gradle-4.0/lib/plugins/gradle-testing-base-4.0.jar
7f8056dac000-7f8056db3000 r--s 00038000 08:13 18219875                   /home/tim/.gradle/wrapper/dists/gradle-4.0-bin/3p92xsbhik5vmig8i90n16yxc/gradle-4.0/lib/plugins/bcpg-jdk15on-1.51.jar
7f8056db3000-7f8056db5000 r--s 0000c000 08:13 18219826                   /home/tim/.gradle/wrapper/dists/gradle-4.0-bin/3p92xsbhik5vmig8i90n16yxc/gradle-4.0/lib/plugins/gradle-signing-4.0.jar
7f8056db5000-7f8056db7000 r--s 00007000 08:13 18219832                   /home/tim/.gradle/wrapper/dists/gradle-4.0-bin/3p92xsbhik5vmig8i90n16yxc/gradle-4.0/lib/plugins/gradle-scala-4.0.jar
7f8056db7000-7f8056db8000 r--s 00004000 08:13 18219863                   /home/tim/.gradle/wrapper/dists/gradle-4.0-bin/3p92xsbhik5vmig8i90n16yxc/gradle-4.0/lib/plugins/gradle-resources-sftp-4.0.jar
7f8056db8000-7f8056dc8000 r--s 00088000 08:13 18219892                   /home/tim/.gradle/wrapper/dists/gradle-4.0-bin/3p92xsbhik5vmig8i90n16yxc/gradle-4.0/lib/plugins/joda-time-2.8.2.jar
7f8056dc8000-7f8056dd9000 r--s 0010d000 08:13 18219891                   /home/tim/.gradle/wrapper/dists/gradle-4.0-bin/3p92xsbhik5vmig8i90n16yxc/gradle-4.0/lib/plugins/jackson-databind-2.6.6.jar
7f8056dd9000-7f8056ddc000 r--s 00009000 08:13 18219890                   /home/tim/.gradle/wrapper/dists/gradle-4.0-bin/3p92xsbhik5vmig8i90n16yxc/gradle-4.0/lib/plugins/jackson-annotations-2.6.6.jar
7f8056ddc000-7f8056de0000 r--s 0003c000 08:13 18219889                   /home/tim/.gradle/wrapper/dists/gradle-4.0-bin/3p92xsbhik5vmig8i90n16yxc/gradle-4.0/lib/plugins/jackson-core-2.6.6.jar
7f8056de0000-7f8056dee000 r--s 00087000 08:13 18219888                   /home/tim/.gradle/wrapper/dists/gradle-4.0-bin/3p92xsbhik5vmig8i90n16yxc/gradle-4.0/lib/plugins/aws-java-sdk-core-1.11.6.jar
7f8056dee000-7f8056df5000 r--s 00057000 08:13 18219887                   /home/tim/.gradle/wrapper/dists/gradle-4.0-bin/3p92xsbhik5vmig8i90n16yxc/gradle-4.0/lib/plugins/aws-java-sdk-kms-1.11.6.jar
7f8056df5000-7f8056e02000 r--s 0008e000 08:13 18219886                   /home/tim/.gradle/wrapper/dists/gradle-4.0-bin/3p92xsbhik5vmig8i90n16yxc/gradle-4.0/lib/plugins/aws-java-sdk-s3-1.11.6.jar
7f8056e02000-7f8056e04000 r--s 00004000 08:13 18219860                   /home/tim/.gradle/wrapper/dists/gradle-4.0-bin/3p92xsbhik5vmig8i90n16yxc/gradle-4.0/lib/plugins/gradle-resources-s3-4.0.jar
7f8056e04000-7f8056e06000 r--s 00010000 08:13 18219856                   /home/tim/.gradle/wrapper/dists/gradle-4.0-bin/3p92xsbhik5vmig8i90n16yxc/gradle-4.0/lib/plugins/gradle-reporting-4.0.jar
7f8056e06000-7f8056e08000 r--s 00002000 08:13 18219857                   /home/tim/.gradle/wrapper/dists/gradle-4.0-bin/3p92xsbhik5vmig8i90n16yxc/gradle-4.0/lib/plugins/gradle-publish-4.0.jar
7f8056e08000-7f8056e0a000 r--s 00009000 08:13 18219868                   /home/tim/.gradle/wrapper/dists/gradle-4.0-bin/3p92xsbhik5vmig8i90n16yxc/gradle-4.0/lib/plugins/commons-cli-1.2.jar
7f8056e0a000-7f8056e10000 r--s 00036000 08:13 18219840                   /home/tim/.gradle/wrapper/dists/gradle-4.0-bin/3p92xsbhik5vmig8i90n16yxc/gradle-4.0/lib/plugins/gradle-plugins-4.0.jar
7f8056e10000-7f8056e12000 r--s 00009000 08:13 18219827                   /home/tim/.gradle/wrapper/dists/gradle-4.0-bin/3p92xsbhik5vmig8i90n16yxc/gradle-4.0/lib/plugins/gradle-plugin-development-4.0.jar
7f8056e12000-7f8056e18000 r--s 0002b000 08:13 18219835                   /home/tim/.gradle/wrapper/dists/gradle-4.0-bin/3p92xsbhik5vmig8i90n16yxc/gradle-4.0/lib/plugins/gradle-platform-play-4.0.jar
7f8056e18000-7f8056e26000 r--s 00056000 08:13 18219853                   /home/tim/.gradle/wrapper/dists/gradle-4.0-bin/3p92xsbhik5vmig8i90n16yxc/gradle-4.0/lib/plugins/gradle-platform-native-4.0.jar
7f8056e26000-7f8056e2a000 r--s 0001b000 08:13 18219850                   /home/tim/.gradle/wrapper/dists/gradle-4.0-bin/3p92xsbhik5vmig8i90n16yxc/gradle-4.0/lib/plugins/gradle-platform-jvm-4.0.jar
7f8056e2a000-7f8056e32000 r--s 00027000 08:13 18219858                   /home/tim/.gradle/wrapper/dists/gradle-4.0-bin/3p92xsbhik5vmig8i90n16yxc/gradle-4.0/lib/plugins/gradle-platform-base-4.0.jar
7f8056e32000-7f8056e5a000 r--s 0021c000 08:13 18219869                   /home/tim/.gradle/wrapper/dists/gradle-4.0-bin/3p92xsbhik5vmig8i90n16yxc/gradle-4.0/lib/plugins/biz.aQute.bndlib-3.2.0.jar
7f8056e5a000-7f8056e5b000 r--s 00004000 08:13 18219825                   /home/tim/.gradle/wrapper/dists/gradle-4.0-bin/3p92xsbhik5vmig8i90n16yxc/gradle-4.0/lib/plugins/gradle-osgi-4.0.jar
7f8056e5b000-7f8056e5e000 r--s 0000c000 08:13 18219872                   /home/tim/.gradle/wrapper/dists/gradle-4.0-bin/3p92xsbhik5vmig8i90n16yxc/gradle-4.0/lib/plugins/pmaven-groovy-0.8-20100325.jar
7f8056e5e000-7f8056e5f000 r--s 00004000 08:13 18219871                   /home/tim/.gradle/wrapper/dists/gradle-4.0-bin/3p92xsbhik5vmig8i90n16yxc/gradle-4.0/lib/plugins/pmaven-common-0.8-20100325.jar
7f8056e5f000-7f8056e65000 r--s 00023000 08:13 18219828                   /home/tim/.gradle/wrapper/dists/gradle-4.0-bin/3p92xsbhik5vmig8i90n16yxc/gradle-4.0/lib/plugins/gradle-maven-4.0.jar
7f8056e65000-7f8056e68000 r--s 0000b000 08:13 18219846                   /home/tim/.gradle/wrapper/dists/gradle-4.0-bin/3p92xsbhik5vmig8i90n16yxc/gradle-4.0/lib/plugins/gradle-language-scala-4.0.jar
7f8056e68000-7f8056e6e000 r--s 0001a000 08:13 18219852                   /home/tim/.gradle/wrapper/dists/gradle-4.0-bin/3p92xsbhik5vmig8i90n16yxc/gradle-4.0/lib/plugins/gradle-language-native-4.0.jar
7f8056e6e000-7f8056e71000 r--s 00004000 08:13 18219849                   /home/tim/.gradle/wrapper/dists/gradle-4.0-bin/3p92xsbhik5vmig8i90n16yxc/gradle-4.0/lib/plugins/gradle-language-jvm-4.0.jar
7f8056e71000-7f8056e78000 r--s 0002e000 08:13 18219848                   /home/tim/.gradle/wrapper/dists/gradle-4.0-bin/3p92xsbhik5vmig8i90n16yxc/gradle-4.0/lib/plugins/gradle-language-java-4.0.jar
7f8056e78000-7f8056e7a000 r--s 0000a000 08:13 18219845                   /home/tim/.gradle/wrapper/dists/gradle-4.0-bin/3p92xsbhik5vmig8i90n16yxc/gradle-4.0/lib/plugins/gradle-language-groovy-4.0.jar
7f8056e7a000-7f8056e81000 r--s 00035000 08:13 18219878                   /home/tim/.gradle/wrapper/dists/gradle-4.0-bin/3p92xsbhik5vmig8i90n16yxc/gradle-4.0/lib/plugins/simple-4.1.21.jar
7f8056e81000-7f8056e8d000 r--s 00100000 08:13 18219876                   /home/tim/.gradle/wrapper/dists/gradle-4.0-bin/3p92xsbhik5vmig8i90n16yxc/gradle-4.0/lib/plugins/rhino-1.7R3.jar
7f8056e8d000-7f8056e91000 r--s 00012000 08:13 18219836                   /home/tim/.gradle/wrapper/dists/gradle-4.0-bin/3p92xsbhik5vmig8i90n16yxc/gradle-4.0/lib/plugins/gradle-javascript-4.0.jar
7f8056e91000-7f8056e94000 r--s 00011000 08:13 18219838                   /home/tim/.gradle/wrapper/dists/gradle-4.0-bin/3p92xsbhik5vmig8i90n16yxc/gradle-4.0/lib/plugins/gradle-jacoco-4.0.jar
7f8056e94000-7f8056e97000 r--s 0000e000 08:13 18219837                   /home/tim/.gradle/wrapper/dists/gradle-4.0-bin/3p92xsbhik5vmig8i90n16yxc/gradle-4.0/lib/plugins/gradle-ivy-4.0.jar
7f8056e97000-7f8056e98000 r--s 00002000 08:13 18219829                   /home/tim/.gradle/wrapper/dists/gradle-4.0-bin/3p92xsbhik5vmig8i90n16yxc/gradle-4.0/lib/plugins/gradle-ide-play-4.0.jar
7f8056e98000-7f8056e9b000 r--s 00013000 08:13 18219830                   /home/tim/.gradle/wrapper/dists/gradle-4.0-bin/3p92xsbhik5vmig8i90n16yxc/gradle-4.0/lib/plugins/gradle-ide-native-4.0.jar
7f8056e9b000-7f8056ea4000 r--s 00054000 08:13 18219831                   /home/tim/.gradle/wrapper/dists/gradle-4.0-bin/3p92xsbhik5vmig8i90n16yxc/gradle-4.0/lib/plugins/gradle-ide-4.0.jar
7f8056ea4000-7f8056ea6000 r--s 00007000 08:13 18219834                   /home/tim/.gradle/wrapper/dists/gradle-4.0-bin/3p92xsbhik5vmig8i90n16yxc/gradle-4.0/lib/plugins/gradle-ear-4.0.jar
7f8056ea6000-7f8056ea8000 r--s 00005000 08:13 18219866                   /home/tim/.gradle/wrapper/dists/gradle-4.0-bin/3p92xsbhik5vmig8i90n16yxc/gradle-4.0/lib/plugins/jatl-0.2.2.jar
7f8056ea8000-7f8056eaf000 r--s 00038000 08:13 18219854                   /home/tim/.gradle/wrapper/dists/gradle-4.0-bin/3p92xsbhik5vmig8i90n16yxc/gradle-4.0/lib/plugins/gradle-diagnostics-4.0.jar
7f8056eaf000-7f8056eb1000 r--s 00009000 08:13 18219843                   /home/tim/.gradle/wrapper/dists/gradle-4.0-bin/3p92xsbhik5vmig8i90n16yxc/gradle-4.0/lib/plugins/gradle-composite-builds-4.0.jar
7f8056eb1000-7f8056eb6000 r--s 00024000 08:13 18219823                   /home/tim/.gradle/wrapper/dists/gradle-4.0-bin/3p92xsbhik5vmig8i90n16yxc/gradle-4.0/lib/plugins/gradle-code-quality-4.0.jar
7f8056eb6000-7f8056ebb000 r--s 00022000 08:13 18219839                   /home/tim/.gradle/wrapper/dists/gradle-4.0-bin/3p92xsbhik5vmig8i90n16yxc/gradle-4.0/lib/plugins/gradle-build-init-4.0.jar
7f8056ebb000-7f8056ec1000 r--s 0008e000 08:13 18219833                   /home/tim/.gradle/wrapper/dists/gradle-4.0-bin/3p92xsbhik5vmig8i90n16yxc/gradle-4.0/lib/plugins/gradle-build-comparison-4.0.jar
7f8056ec1000-7f8056ec2000 r--s 00002000 08:13 18219861                   /home/tim/.gradle/wrapper/dists/gradle-4.0-bin/3p92xsbhik5vmig8i90n16yxc/gradle-4.0/lib/plugins/gradle-build-cache-http-4.0.jar
7f8056ec2000-7f8056ec4000 r--s 00008000 08:13 18219824                   /home/tim/.gradle/wrapper/dists/gradle-4.0-bin/3p92xsbhik5vmig8i90n16yxc/gradle-4.0/lib/plugins/gradle-antlr-4.0.jar
7f8056ec4000-7f8056ec6000 r--s 00004000 08:13 18219844                   /home/tim/.gradle/wrapper/dists/gradle-4.0-bin/3p92xsbhik5vmig8i90n16yxc/gradle-4.0/lib/plugins/gradle-announce-4.0.jar
7f8056ec6000-7f8056ec8000 r--s 00007000 08:13 18219765                   /home/tim/.gradle/wrapper/dists/gradle-4.0-bin/3p92xsbhik5vmig8i90n16yxc/gradle-4.0/lib/gradle-script-kotlin-tooling-builders-0.9.0.jar
7f8056ec8000-7f8056ecb000 r--s 0001c000 08:13 18219882                   /home/tim/.gradle/wrapper/dists/gradle-4.0-bin/3p92xsbhik5vmig8i90n16yxc/gradle-4.0/lib/plugins/nekohtml-1.9.14.jar
7f8056ecb000-7f8056ed3000 r--s 00028000 08:13 18219923                   /home/tim/.gradle/wrapper/dists/gradle-4.0-bin/3p92xsbhik5vmig8i90n16yxc/gradle-4.0/lib/plugins/xml-apis-1.3.04.jar
7f8056ed3000-7f8056eeb000 r--s 00115000 08:13 18219883                   /home/tim/.gradle/wrapper/dists/gradle-4.0-bin/3p92xsbhik5vmig8i90n16yxc/gradle-4.0/lib/plugins/xercesImpl-2.9.1.jar
7f8056eeb000-7f8056ef1000 r--s 0005b000 08:13 18219881                   /home/tim/.gradle/wrapper/dists/gradle-4.0-bin/3p92xsbhik5vmig8i90n16yxc/gradle-4.0/lib/plugins/jcifs-1.3.17.jar
7f8056ef1000-7f8056ef8000 r--s 00049000 08:13 18219922                   /home/tim/.gradle/wrapper/dists/gradle-4.0-bin/3p92xsbhik5vmig8i90n16yxc/gradle-4.0/lib/plugins/httpcore-4.4.4.jar
7f8056ef8000-7f8056efe000 r--s 00033000 08:13 18219874                   /home/tim/.gradle/wrapper/dists/gradle-4.0-bin/3p92xsbhik5vmig8i90n16yxc/gradle-4.0/lib/plugins/commons-codec-1.6.jar
7f8056efe000-7f8056f0b000 r--s 000a4000 08:13 18219867                   /home/tim/.gradle/wrapper/dists/gradle-4.0-bin/3p92xsbhik5vmig8i90n16yxc/gradle-4.0/lib/plugins/httpclient-4.4.1.jar
7f8056f0b000-7f8056f0e000 r--s 0000a000 08:13 18219862                   /home/tim/.gradle/wrapper/dists/gradle-4.0-bin/3p92xsbhik5vmig8i90n16yxc/gradle-4.0/lib/plugins/gradle-resources-http-4.0.jar
7f8056f0e000-7f8056f12000 r--s 00017000 08:13 18219859                   /home/tim/.gradle/wrapper/dists/gradle-4.0-bin/3p92xsbhik5vmig8i90n16yxc/gradle-4.0/lib/plugins/gradle-plugin-use-4.0.jar
7f8056f12000-7f8056f13000 r--s 00000000 08:13 18219771                   /home/tim/.gradle/wrapper/dists/gradle-4.0-bin/3p92xsbhik5vmig8i90n16yxc/gradle-4.0/lib/gradle-runtime-api-info-4.0.jar
7f8056f13000-7f8056f14000 r--s 00000000 08:13 18219774                   /home/tim/.gradle/wrapper/dists/gradle-4.0-bin/3p92xsbhik5vmig8i90n16yxc/gradle-4.0/lib/gradle-installation-beacon-4.0.jar
7f8056f14000-7f8056f54000 r--s 00277000 08:13 18219894                   /home/tim/.gradle/wrapper/dists/gradle-4.0-bin/3p92xsbhik5vmig8i90n16yxc/gradle-4.0/lib/plugins/bcprov-jdk15on-1.51.jar
7f8056f54000-7f8056f58000 r--s 0001d000 08:13 18219893                   /home/tim/.gradle/wrapper/dists/gradle-4.0-bin/3p92xsbhik5vmig8i90n16yxc/gradle-4.0/lib/plugins/xbean-reflect-3.4.jar
7f8056f58000-7f8056f5a000 r--s 0000a000 08:13 18219895                   /home/tim/.gradle/wrapper/dists/gradle-4.0-bin/3p92xsbhik5vmig8i90n16yxc/gradle-4.0/lib/plugins/maven-settings-3.0.4.jar
7f8056f5a000-7f8056f5d000 r--s 00008000 08:13 18219896                   /home/tim/.gradle/wrapper/dists/gradle-4.0-bin/3p92xsbhik5vmig8i90n16yxc/gradle-4.0/lib/plugins/maven-settings-builder-3.0.4.jar
7f8056f5d000-7f8056f61000 r--s 00033000 08:13 18219897                   /home/tim/.gradle/wrapper/dists/gradle-4.0-bin/3p92xsbhik5vmig8i90n16yxc/gradle-4.0/lib/plugins/plexus-utils-2.0.6.jar
7f8056f61000-7f8056f63000 r--s 0000d000 08:13 18219898                   /home/tim/.gradle/wrapper/dists/gradle-4.0-bin/3p92xsbhik5vmig8i90n16yxc/gradle-4.0/lib/plugins/plexus-interpolation-1.14.jar
7f8056f63000-7f8056f65000 r--s 00000000 08:13 18219873                   /home/tim/.gradle/wrapper/dists/gradle-4.0-bin/3p92xsbhik5vmig8i90n16yxc/gradle-4.0/lib/plugins/plexus-component-annotations-1.5.5.jar
7f8056f65000-7f8056f6c000 r--s 0002e000 08:13 18219899                   /home/tim/.gradle/wrapper/dists/gradle-4.0-bin/3p92xsbhik5vmig8i90n16yxc/gradle-4.0/lib/plugins/plexus-container-default-1.5.5.jar
7f8056f6c000-7f8056f6e000 r--s 0000a000 08:13 18219900                   /home/tim/.gradle/wrapper/dists/gradle-4.0-bin/3p92xsbhik5vmig8i90n16yxc/gradle-4.0/lib/plugins/plexus-classworlds-2.4.jar
7f8056f6e000-7f8056f70000 r--s 00002000 08:13 18219901                   /home/tim/.gradle/wrapper/dists/gradle-4.0-bin/3p92xsbhik5vmig8i90n16yxc/gradle-4.0/lib/plugins/plexus-cipher-1.7.jar
7f8056f70000-7f8056f71000 r--s 00006000 08:13 18219902                   /home/tim/.gradle/wrapper/dists/gradle-4.0-bin/3p92xsbhik5vmig8i90n16yxc/gradle-4.0/lib/plugins/plexus-sec-dispatcher-1.3.jar
7f8056f71000-7f8056f77000 r--s 0003f000 08:13 18219903                   /home/tim/.gradle/wrapper/dists/gradle-4.0-bin/3p92xsbhik5vmig8i90n16yxc/gradle-4.0/lib/plugins/maven-compat-3.0.4.jar
7f8056f77000-7f8056f7b000 r--s 00021000 08:13 18219904                   /home/tim/.gradle/wrapper/dists/gradle-4.0-bin/3p92xsbhik5vmig8i90n16yxc/gradle-4.0/lib/plugins/maven-model-builder-3.0.4.jar
7f8056f7b000-7f8056f7d000 r--s 00026000 08:13 18219905                   /home/tim/.gradle/wrapper/dists/gradle-4.0-bin/3p92xsbhik5vmig8i90n16yxc/gradle-4.0/lib/plugins/maven-model-3.0.4.jar
7f8056f7d000-7f8056f7f000 r--s 0000b000 08:13 18219906                   /home/tim/.gradle/wrapper/dists/gradle-4.0-bin/3p92xsbhik5vmig8i90n16yxc/gradle-4.0/lib/plugins/maven-artifact-3.0.4.jar
7f8056f7f000-7f8056f81000 r--s 00006000 08:13 18219907                   /home/tim/.gradle/wrapper/dists/gradle-4.0-bin/3p92xsbhik5vmig8i90n16yxc/gradle-4.0/lib/plugins/maven-repository-metadata-3.0.4.jar
7f8056f81000-7f8056f83000 r--s 0000b000 08:13 18219908                   /home/tim/.gradle/wrapper/dists/gradle-4.0-bin/3p92xsbhik5vmig8i90n16yxc/gradle-4.0/lib/plugins/maven-plugin-api-3.0.4.jar
7f8056f83000-7f8056f85000 r--s 0000c000 08:13 18219909                   /home/tim/.gradle/wrapper/dists/gradle-4.0-bin/3p92xsbhik5vmig8i90n16yxc/gradle-4.0/lib/plugins/maven-aether-provider-3.0.4.jar
7f8056f85000-7f8056f86000 r--s 00002000 08:13 18219910                   /home/tim/.gradle/wrapper/dists/gradle-4.0-bin/3p92xsbhik5vmig8i90n16yxc/gradle-4.0/lib/plugins/wagon-file-2.4.jar
7f8056f86000-7f8056f87000 r--s 00002000 08:13 18219911                   /home/tim/.gradle/wrapper/dists/gradle-4.0-bin/3p92xsbhik5vmig8i90n16yxc/gradle-4.0/lib/plugins/wagon-http-2.4.jar
7f8056f87000-7f8056f89000 r--s 0000b000 08:13 18219912                   /home/tim/.gradle/wrapper/dists/gradle-4.0-bin/3p92xsbhik5vmig8i90n16yxc/gradle-4.0/lib/plugins/wagon-provider-api-2.4.jar
7f8056f89000-7f8056f8a000 r--s 00007000 08:13 18219913                   /home/tim/.gradle/wrapper/dists/gradle-4.0-bin/3p92xsbhik5vmig8i90n16yxc/gradle-4.0/lib/plugins/wagon-http-shared4-2.4.jar
7f8056f8a000-7f8056f8d000 r--s 00013000 08:13 18219914                   /home/tim/.gradle/wrapper/dists/gradle-4.0-bin/3p92xsbhik5vmig8i90n16yxc/gradle-4.0/lib/plugins/aether-api-1.13.1.jar
7f8056f8d000-7f8056f90000 r--s 0001d000 08:13 18219915                   /home/tim/.gradle/wrapper/dists/gradle-4.0-bin/3p92xsbhik5vmig8i90n16yxc/gradle-4.0/lib/plugins/aether-impl-1.13.1.jar
7f8056f90000-7f8056f9c000 r--s 0007d000 08:13 18219870                   /home/tim/.gradle/wrapper/dists/gradle-4.0-bin/3p92xsbhik5vmig8i90n16yxc/gradle-4.0/lib/plugins/maven-core-3.0.4.jar
7f8056f9c000-7f8056fbf000 r--s 0011b000 08:13 18219865                   /home/tim/.gradle/wrapper/dists/gradle-4.0-bin/3p92xsbhik5vmig8i90n16yxc/gradle-4.0/lib/plugins/gradle-dependency-management-4.0.jar
7f8056fbf000-7f8057140000 r-xp 00000000 08:13 3803510                    /usr/lib64/libstdc++.so.6.0.24
7f8057140000-7f8057340000 ---p 00181000 08:13 3803510                    /usr/lib64/libstdc++.so.6.0.24
7f8057340000-7f805734a000 r--p 00181000 08:13 3803510                    /usr/lib64/libstdc++.so.6.0.24
7f805734a000-7f805734c000 rw-p 0018b000 08:13 3803510                    /usr/lib64/libstdc++.so.6.0.24
7f805734c000-7f805734f000 rw-p 00000000 00:00 0 
7f805734f000-7f8057354000 r-xp 00000000 08:13 17432905                   /home/tim/.gradle/native/25/linux-amd64/libnative-platform.so
7f8057354000-7f8057553000 ---p 00005000 08:13 17432905                   /home/tim/.gradle/native/25/linux-amd64/libnative-platform.so
7f8057553000-7f8057554000 rw-p 00004000 08:13 17432905                   /home/tim/.gradle/native/25/linux-amd64/libnative-platform.so
7f8057554000-7f8057565000 r-xp 00000000 08:13 4066672                    /usr/lib64/openjdk-8/jre/lib/amd64/libnio.so
7f8057565000-7f8057566000 r--p 00010000 08:13 4066672                    /usr/lib64/openjdk-8/jre/lib/amd64/libnio.so
7f8057566000-7f8057567000 rw-p 00011000 08:13 4066672                    /usr/lib64/openjdk-8/jre/lib/amd64/libnio.so
7f8057567000-7f805756b000 r--s 0001c000 08:13 18219917                   /home/tim/.gradle/wrapper/dists/gradle-4.0-bin/3p92xsbhik5vmig8i90n16yxc/gradle-4.0/lib/plugins/aether-util-1.13.1.jar
7f805756b000-7f8057570000 r--s 00034000 08:13 18219877                   /home/tim/.gradle/wrapper/dists/gradle-4.0-bin/3p92xsbhik5vmig8i90n16yxc/gradle-4.0/lib/plugins/gson-2.7.jar
7f8057570000-7f8057575000 r--s 00040000 08:13 18219885                   /home/tim/.gradle/wrapper/dists/gradle-4.0-bin/3p92xsbhik5vmig8i90n16yxc/gradle-4.0/lib/plugins/jsch-0.1.54.jar
7f8057575000-7f805758d000 r-xp 00000000 08:13 3803515                    /usr/lib64/libgcc_s.so.1
7f805758d000-7f805758e000 r--p 00017000 08:13 3803515                    /usr/lib64/libgcc_s.so.1
7f805758e000-7f805758f000 rw-p 00018000 08:13 3803515                    /usr/lib64/libgcc_s.so.1
7f805758f000-7f8057590000 r--s 00003000 08:13 18219916                   /home/tim/.gradle/wrapper/dists/gradle-4.0-bin/3p92xsbhik5vmig8i90n16yxc/gradle-4.0/lib/plugins/aether-spi-1.13.1.jar
7f8057590000-7f8057592000 r--s 00006000 08:13 18219918                   /home/tim/.gradle/wrapper/dists/gradle-4.0-bin/3p92xsbhik5vmig8i90n16yxc/gradle-4.0/lib/plugins/aether-connector-wagon-1.13.1.jar
7f8057592000-7f80575a1000 r--s 000d9000 08:13 18219884                   /home/tim/.gradle/wrapper/dists/gradle-4.0-bin/3p92xsbhik5vmig8i90n16yxc/gradle-4.0/lib/plugins/ivy-2.2.0.jar
7f80575a1000-7f80575a3000 r--s 0000b000 08:13 18219864                   /home/tim/.gradle/wrapper/dists/gradle-4.0-bin/3p92xsbhik5vmig8i90n16yxc/gradle-4.0/lib/plugins/gradle-workers-4.0.jar
7f80575a3000-7f80575b9000 r-xp 00000000 08:13 4066670                    /usr/lib64/openjdk-8/jre/lib/amd64/libnet.so
7f80575b9000-7f80575ba000 r--p 00015000 08:13 4066670                    /usr/lib64/openjdk-8/jre/lib/amd64/libnet.so
7f80575ba000-7f80575bb000 rw-p 00016000 08:13 4066670                    /usr/lib64/openjdk-8/jre/lib/amd64/libnet.so
7f80575bb000-7f80575bc000 r--s 00006000 08:13 18219773                   /home/tim/.gradle/wrapper/dists/gradle-4.0-bin/3p92xsbhik5vmig8i90n16yxc/gradle-4.0/lib/gradle-wrapper-4.0.jar
7f80575bc000-7f80575c9000 r--s 00043000 08:13 18219772                   /home/tim/.gradle/wrapper/dists/gradle-4.0-bin/3p92xsbhik5vmig8i90n16yxc/gradle-4.0/lib/gradle-tooling-api-4.0.jar
7f80575c9000-7f80575d7000 r--s 000cb000 08:13 18219769                   /home/tim/.gradle/wrapper/dists/gradle-4.0-bin/3p92xsbhik5vmig8i90n16yxc/gradle-4.0/lib/kotlin-stdlib-1.1.0.jar
7f80575d7000-7f805760e000 r--s 00284000 08:13 18219768                   /home/tim/.gradle/wrapper/dists/gradle-4.0-bin/3p92xsbhik5vmig8i90n16yxc/gradle-4.0/lib/kotlin-reflect-1.1.0.jar
7f805760e000-7f805764c000 rw-p 00000000 00:00 0 
7f805764c000-7f8057811000 r--s 017fb000 08:13 18219767                   /home/tim/.gradle/wrapper/dists/gradle-4.0-bin/3p92xsbhik5vmig8i90n16yxc/gradle-4.0/lib/kotlin-compiler-embeddable-1.1.0.jar
7f8057811000-7f8057813000 r--s 00000000 08:13 18219766                   /home/tim/.gradle/wrapper/dists/gradle-4.0-bin/3p92xsbhik5vmig8i90n16yxc/gradle-4.0/lib/gradle-script-kotlin-tooling-models-0.9.0.jar
7f8057813000-7f8057815000 r--s 00001000 08:13 18219764                   /home/tim/.gradle/wrapper/dists/gradle-4.0-bin/3p92xsbhik5vmig8i90n16yxc/gradle-4.0/lib/gradle-script-kotlin-compiler-plugin-0.9.0.jar
7f8057815000-7f8057817000 r--s 00003000 08:13 18219755                   /home/tim/.gradle/wrapper/dists/gradle-4.0-bin/3p92xsbhik5vmig8i90n16yxc/gradle-4.0/lib/annotations-13.0.jar
7f8057817000-7f8057820000 r--s 00066000 08:13 18219763                   /home/tim/.gradle/wrapper/dists/gradle-4.0-bin/3p92xsbhik5vmig8i90n16yxc/gradle-4.0/lib/gradle-script-kotlin-0.9.0.jar
7f8057820000-7f8057824000 r--s 00013000 08:13 18219779                   /home/tim/.gradle/wrapper/dists/gradle-4.0-bin/3p92xsbhik5vmig8i90n16yxc/gradle-4.0/lib/gradle-resources-4.0.jar
7f8057824000-7f8057826000 r--s 00005000 08:13 18219786                   /home/tim/.gradle/wrapper/dists/gradle-4.0-bin/3p92xsbhik5vmig8i90n16yxc/gradle-4.0/lib/gradle-cli-4.0.jar
7f8057826000-7f8057828000 r--s 00003000 08:13 18219790                   /home/tim/.gradle/wrapper/dists/gradle-4.0-bin/3p92xsbhik5vmig8i90n16yxc/gradle-4.0/lib/jcl-over-slf4j-1.7.10.jar
7f8057828000-7f8057829000 r--s 00005000 08:13 18219789                   /home/tim/.gradle/wrapper/dists/gradle-4.0-bin/3p92xsbhik5vmig8i90n16yxc/gradle-4.0/lib/log4j-over-slf4j-1.7.10.jar
7f8057829000-7f805782b000 r--s 00000000 08:13 18219788                   /home/tim/.gradle/wrapper/dists/gradle-4.0-bin/3p92xsbhik5vmig8i90n16yxc/gradle-4.0/lib/jul-to-slf4j-1.7.10.jar
7f805782b000-7f8057832000 r--s 0002c000 08:13 18219777                   /home/tim/.gradle/wrapper/dists/gradle-4.0-bin/3p92xsbhik5vmig8i90n16yxc/gradle-4.0/lib/gradle-logging-4.0.jar
7f8057832000-7f8057841000 r--s 00083000 08:13 18219782                   /home/tim/.gradle/wrapper/dists/gradle-4.0-bin/3p92xsbhik5vmig8i90n16yxc/gradle-4.0/lib/gradle-model-core-4.0.jar
7f8057841000-7f8057843000 r--s 00006000 08:13 18219783                   /home/tim/.gradle/wrapper/dists/gradle-4.0-bin/3p92xsbhik5vmig8i90n16yxc/gradle-4.0/lib/gradle-base-services-groovy-4.0.jar
7f8057843000-7f8057845000 r--s 00007000 08:13 18219781                   /home/tim/.gradle/wrapper/dists/gradle-4.0-bin/3p92xsbhik5vmig8i90n16yxc/gradle-4.0/lib/gradle-model-groovy-4.0.jar
7f8057845000-7f8057846000 r--s 00002000 08:13 18219803                   /home/tim/.gradle/wrapper/dists/gradle-4.0-bin/3p92xsbhik5vmig8i90n16yxc/gradle-4.0/lib/gradle-docs-4.0.jar
7f8057846000-7f8057853000 r--s 00083000 08:13 18219801                   /home/tim/.gradle/wrapper/dists/gradle-4.0-bin/3p92xsbhik5vmig8i90n16yxc/gradle-4.0/lib/commons-collections-3.2.2.jar
7f8057853000-7f8057854000 r--s 00000000 08:13 18219800                   /home/tim/.gradle/wrapper/dists/gradle-4.0-bin/3p92xsbhik5vmig8i90n16yxc/gradle-4.0/lib/javax.inject-1.jar
7f8057854000-7f80578c4000 r--s 00645000 08:13 18219795                   /home/tim/.gradle/wrapper/dists/gradle-4.0-bin/3p92xsbhik5vmig8i90n16yxc/gradle-4.0/lib/groovy-all-2.4.11.jar
7f80578c4000-7f80578c7000 r--s 00023000 08:13 18219804                   /home/tim/.gradle/wrapper/dists/gradle-4.0-bin/3p92xsbhik5vmig8i90n16yxc/gradle-4.0/lib/jansi-1.14.jar
7f80578c7000-7f80578c8000 r--s 00004000 08:13 18219806                   /home/tim/.gradle/wrapper/dists/gradle-4.0-bin/3p92xsbhik5vmig8i90n16yxc/gradle-4.0/lib/native-platform-freebsd-amd64-libcpp-0.14.jar
7f80578c8000-7f80578c9000 r--s 00004000 08:13 18219807                   /home/tim/.gradle/wrapper/dists/gradle-4.0-bin/3p92xsbhik5vmig8i90n16yxc/gradle-4.0/lib/native-platform-freebsd-amd64-libstdcpp-0.14.jar
7f80578c9000-7f80578ca000 r--s 00004000 08:13 18219808                   /home/tim/.gradle/wrapper/dists/gradle-4.0-bin/3p92xsbhik5vmig8i90n16yxc/gradle-4.0/lib/native-platform-freebsd-i386-libcpp-0.14.jar
7f80578ca000-7f80578cb000 r--s 00003000 08:13 18219809                   /home/tim/.gradle/wrapper/dists/gradle-4.0-bin/3p92xsbhik5vmig8i90n16yxc/gradle-4.0/lib/native-platform-freebsd-i386-libstdcpp-0.14.jar
7f80578cb000-7f80578cc000 r--s 00002000 08:13 18219810                   /home/tim/.gradle/wrapper/dists/gradle-4.0-bin/3p92xsbhik5vmig8i90n16yxc/gradle-4.0/lib/native-platform-linux-amd64-0.14.jar
7f80578cc000-7f80578cd000 r--s 00002000 08:13 18219811                   /home/tim/.gradle/wrapper/dists/gradle-4.0-bin/3p92xsbhik5vmig8i90n16yxc/gradle-4.0/lib/native-platform-linux-i386-0.14.jar
7f80578cd000-7f80578cf000 r--s 00002000 08:13 18219812                   /home/tim/.gradle/wrapper/dists/gradle-4.0-bin/3p92xsbhik5vmig8i90n16yxc/gradle-4.0/lib/native-platform-osx-amd64-0.14.jar
7f80578cf000-7f80578d1000 r--s 0000b000 08:13 18219814                   /home/tim/.gradle/wrapper/dists/gradle-4.0-bin/3p92xsbhik5vmig8i90n16yxc/gradle-4.0/lib/native-platform-windows-amd64-0.14.jar
7f80578d1000-7f80578f9000 r--s 001cf000 08:13 18219792                   /home/tim/.gradle/wrapper/dists/gradle-4.0-bin/3p92xsbhik5vmig8i90n16yxc/gradle-4.0/lib/guava-jdk5-17.0.jar
7f80578f9000-7f80578fa000 ---p 00000000 00:00 0 
7f80578fa000-7f80579fa000 rw-p 00000000 00:00 0 
7f80579fa000-7f80579fd000 ---p 00000000 00:00 0 
7f80579fd000-7f8057afb000 rw-p 00000000 00:00 0 
7f8057afb000-7f8057afc000 ---p 00000000 00:00 0 
7f8057afc000-7f8057aff000 ---p 00000000 00:00 0 
7f8057aff000-7f8057bfc000 rw-p 00000000 00:00 0 
7f8057bfc000-7f8057bfd000 ---p 00000000 00:00 0 
7f8057bfd000-7f8057c00000 ---p 00000000 00:00 0 
7f8057c00000-7f8057cfd000 rw-p 00000000 00:00 0 
7f8057cfd000-7f8057cfe000 ---p 00000000 00:00 0 
7f8057cfe000-7f8057d01000 ---p 00000000 00:00 0 
7f8057d01000-7f8057dfe000 rw-p 00000000 00:00 0 
7f8057dfe000-7f8057dff000 ---p 00000000 00:00 0 
7f8057dff000-7f8057e02000 ---p 00000000 00:00 0 
7f8057e02000-7f8057eff000 rw-p 00000000 00:00 0 
7f8057eff000-7f8057f02000 ---p 00000000 00:00 0 
7f8057f02000-7f8058000000 rw-p 00000000 00:00 0 
7f8058000000-7f8058021000 rw-p 00000000 00:00 0 
7f8058021000-7f805c000000 ---p 00000000 00:00 0 
7f805c000000-7f805c001000 r--s 00003000 08:13 18219813                   /home/tim/.gradle/wrapper/dists/gradle-4.0-bin/3p92xsbhik5vmig8i90n16yxc/gradle-4.0/lib/native-platform-osx-i386-0.14.jar
7f805c001000-7f805c002000 r--s 0000b000 08:13 18219815                   /home/tim/.gradle/wrapper/dists/gradle-4.0-bin/3p92xsbhik5vmig8i90n16yxc/gradle-4.0/lib/native-platform-windows-i386-0.14.jar
7f805c002000-7f805c003000 r--s 00001000 08:13 18219816                   /home/tim/.gradle/wrapper/dists/gradle-4.0-bin/3p92xsbhik5vmig8i90n16yxc/gradle-4.0/lib/native-platform-linux-amd64-ncurses5-0.14.jar
7f805c003000-7f805c004000 r--s 00001000 08:13 18219817                   /home/tim/.gradle/wrapper/dists/gradle-4.0-bin/3p92xsbhik5vmig8i90n16yxc/gradle-4.0/lib/native-platform-linux-amd64-ncurses6-0.14.jar
7f805c004000-7f805c005000 r--s 00001000 08:13 18219818                   /home/tim/.gradle/wrapper/dists/gradle-4.0-bin/3p92xsbhik5vmig8i90n16yxc/gradle-4.0/lib/native-platform-linux-i386-ncurses5-0.14.jar
7f805c005000-7f805c006000 r--s 00001000 08:13 18219819                   /home/tim/.gradle/wrapper/dists/gradle-4.0-bin/3p92xsbhik5vmig8i90n16yxc/gradle-4.0/lib/native-platform-linux-i386-ncurses6-0.14.jar
7f805c006000-7f805c00a000 r--s 00012000 08:13 18219802                   /home/tim/.gradle/wrapper/dists/gradle-4.0-bin/3p92xsbhik5vmig8i90n16yxc/gradle-4.0/lib/native-platform-0.14.jar
7f805c00a000-7f805c00d000 r--s 0000c000 08:13 18219780                   /home/tim/.gradle/wrapper/dists/gradle-4.0-bin/3p92xsbhik5vmig8i90n16yxc/gradle-4.0/lib/gradle-native-4.0.jar
7f805c00d000-7f805c012000 r--s 00038000 08:13 18219798                   /home/tim/.gradle/wrapper/dists/gradle-4.0-bin/3p92xsbhik5vmig8i90n16yxc/gradle-4.0/lib/asm-all-5.1.jar
7f805c012000-7f805c014000 r--s 0000f000 08:13 18219797                   /home/tim/.gradle/wrapper/dists/gradle-4.0-bin/3p92xsbhik5vmig8i90n16yxc/gradle-4.0/lib/reflectasm-1.07-shaded.jar
7f805c014000-7f805c016000 r--s 00000000 08:13 18219820                   /home/tim/.gradle/wrapper/dists/gradle-4.0-bin/3p92xsbhik5vmig8i90n16yxc/gradle-4.0/lib/minlog-1.2.jar
7f805c016000-7f805c018000 r--s 00007000 08:13 18219821                   /home/tim/.gradle/wrapper/dists/gradle-4.0-bin/3p92xsbhik5vmig8i90n16yxc/gradle-4.0/lib/objenesis-1.2.jar
7f805c018000-7f805c01c000 r--s 00026000 08:13 18219796                   /home/tim/.gradle/wrapper/dists/gradle-4.0-bin/3p92xsbhik5vmig8i90n16yxc/gradle-4.0/lib/kryo-2.20.jar
7f805c01c000-7f805c022000 r--s 0002b000 08:13 18219784                   /home/tim/.gradle/wrapper/dists/gradle-4.0-bin/3p92xsbhik5vmig8i90n16yxc/gradle-4.0/lib/gradle-messaging-4.0.jar
7f805c022000-7f805c024000 r--s 00006000 08:13 18219778                   /home/tim/.gradle/wrapper/dists/gradle-4.0-bin/3p92xsbhik5vmig8i90n16yxc/gradle-4.0/lib/gradle-process-services-4.0.jar
7f805c024000-7f805c026000 r--s 00000000 08:13 18219776                   /home/tim/.gradle/wrapper/dists/gradle-4.0-bin/3p92xsbhik5vmig8i90n16yxc/gradle-4.0/lib/gradle-jvm-services-4.0.jar
7f805c026000-7f805c045000 r--s 001d1000 08:13 18219799                   /home/tim/.gradle/wrapper/dists/gradle-4.0-bin/3p92xsbhik5vmig8i90n16yxc/gradle-4.0/lib/ant-1.9.6.jar
7f805c045000-7f805c08c000 r--s 0023e000 08:13 18219775                   /home/tim/.gradle/wrapper/dists/gradle-4.0-bin/3p92xsbhik5vmig8i90n16yxc/gradle-4.0/lib/gradle-core-4.0.jar
7f805c08c000-7f805c08f000 ---p 00000000 00:00 0 
7f805c08f000-7f805c18d000 rw-p 00000000 00:00 0 
7f805c18d000-7f805c190000 ---p 00000000 00:00 0 
7f805c190000-7f805c28e000 rw-p 00000000 00:00 0 
7f805c28e000-7f805c28f000 ---p 00000000 00:00 0 
7f805c28f000-7f8060000000 rw-p 00000000 00:00 0 
7f8060000000-7f8060025000 rw-p 00000000 00:00 0 
7f8060025000-7f8064000000 ---p 00000000 00:00 0 
7f8064000000-7f8064021000 rw-p 00000000 00:00 0 
7f8064021000-7f8068000000 ---p 00000000 00:00 0 
7f8068000000-7f8068021000 rw-p 00000000 00:00 0 
7f8068021000-7f806c000000 ---p 00000000 00:00 0 
7f806c000000-7f806c005000 r--s 00041000 08:13 18219793                   /home/tim/.gradle/wrapper/dists/gradle-4.0-bin/3p92xsbhik5vmig8i90n16yxc/gradle-4.0/lib/commons-lang-2.6.jar
7f806c005000-7f806c009000 r--s 00027000 08:13 18219787                   /home/tim/.gradle/wrapper/dists/gradle-4.0-bin/3p92xsbhik5vmig8i90n16yxc/gradle-4.0/lib/commons-io-2.2.jar
7f806c009000-7f806c015000 r--s 0005c000 08:13 18219770                   /home/tim/.gradle/wrapper/dists/gradle-4.0-bin/3p92xsbhik5vmig8i90n16yxc/gradle-4.0/lib/gradle-launcher-4.0.jar
7f806c015000-7f806c036000 rw-p 00000000 00:00 0 
7f806c036000-7f806c204000 r--s 03c29000 08:13 4066724                    /usr/lib64/openjdk-8/jre/lib/rt.jar
7f806c204000-7f806ccfd000 rw-p 00000000 00:00 0 
7f806ccfd000-7f806ccfe000 ---p 00000000 00:00 0 
7f806ccfe000-7f806cdfe000 rw-p 00000000 00:00 0 
7f806cdfe000-7f806cdff000 ---p 00000000 00:00 0 
7f806cdff000-7f806ceff000 rw-p 00000000 00:00 0 
7f806ceff000-7f806cf00000 ---p 00000000 00:00 0 
7f806cf00000-7f806d000000 rw-p 00000000 00:00 0 
7f806d000000-7f806e140000 rwxp 00000000 00:00 0 
7f806e140000-7f807c000000 ---p 00000000 00:00 0 
7f807c000000-7f807cd52000 rw-p 00000000 00:00 0 
7f807cd52000-7f8080000000 ---p 00000000 00:00 0 
7f8080000000-7f808000b000 r--s 00053000 08:13 18219785                   /home/tim/.gradle/wrapper/dists/gradle-4.0-bin/3p92xsbhik5vmig8i90n16yxc/gradle-4.0/lib/gradle-base-services-4.0.jar
7f808000b000-7f808001f000 rw-p 00000000 00:00 0 
7f808001f000-7f8080020000 ---p 00000000 00:00 0 
7f8080020000-7f8080120000 rw-p 00000000 00:00 0 
7f8080120000-7f8080121000 ---p 00000000 00:00 0 
7f8080121000-7f8080221000 rw-p 00000000 00:00 0 
7f8080221000-7f8080222000 ---p 00000000 00:00 0 
7f8080222000-7f8080322000 rw-p 00000000 00:00 0 
7f8080322000-7f8080323000 ---p 00000000 00:00 0 
7f8080323000-7f8080423000 rw-p 00000000 00:00 0 
7f8080423000-7f8080424000 ---p 00000000 00:00 0 
7f8080424000-7f808054d000 rw-p 00000000 00:00 0 
7f808054d000-7f808067a000 ---p 00000000 00:00 0 
7f808067a000-7f80806a3000 rw-p 00000000 00:00 0 
7f80806a3000-7f80807cf000 ---p 00000000 00:00 0 
7f80807cf000-7f8080847000 rw-p 00000000 00:00 0 
7f8080847000-7f808087a000 ---p 00000000 00:00 0 
7f808087a000-7f80808c0000 rw-p 00000000 00:00 0 
7f80808c0000-7f8080c3b000 ---p 00000000 00:00 0 
7f8080c3b000-7f8080c46000 r-xp 00000000 08:13 3803496                    /usr/lib64/libnss_files-2.26.so
7f8080c46000-7f8080c47000 r--p 0000a000 08:13 3803496                    /usr/lib64/libnss_files-2.26.so
7f8080c47000-7f8080c48000 rw-p 0000b000 08:13 3803496                    /usr/lib64/libnss_files-2.26.so
7f8080c48000-7f8080c4e000 rw-p 00000000 00:00 0 
7f8080c4e000-7f8080c4f000 r--s 00000000 08:13 18219794                   /home/tim/.gradle/wrapper/dists/gradle-4.0-bin/3p92xsbhik5vmig8i90n16yxc/gradle-4.0/lib/jcip-annotations-1.0.jar
7f8080c4f000-7f8080c50000 r--s 00007000 08:13 18219791                   /home/tim/.gradle/wrapper/dists/gradle-4.0-bin/3p92xsbhik5vmig8i90n16yxc/gradle-4.0/lib/slf4j-api-1.7.10.jar
7f8080c50000-7f8080c58000 r-xp 00000000 08:13 4066688                    /usr/lib64/openjdk-8/jre/lib/amd64/libzip.so
7f8080c58000-7f8080c59000 r--p 00007000 08:13 4066688                    /usr/lib64/openjdk-8/jre/lib/amd64/libzip.so
7f8080c59000-7f8080c5a000 rw-p 00008000 08:13 4066688                    /usr/lib64/openjdk-8/jre/lib/amd64/libzip.so
7f8080c5a000-7f8080c62000 rw-s 00000000 00:22 1117422                    /tmp/hsperfdata_tim/30200
7f8080c62000-7f8080c8f000 r-xp 00000000 08:13 4066628                    /usr/lib64/openjdk-8/jre/lib/amd64/libjava.so
7f8080c8f000-7f8080c90000 ---p 0002d000 08:13 4066628                    /usr/lib64/openjdk-8/jre/lib/amd64/libjava.so
7f8080c90000-7f8080c91000 r--p 0002d000 08:13 4066628                    /usr/lib64/openjdk-8/jre/lib/amd64/libjava.so
7f8080c91000-7f8080c92000 rw-p 0002e000 08:13 4066628                    /usr/lib64/openjdk-8/jre/lib/amd64/libjava.so
7f8080c92000-7f8080c93000 rw-p 00000000 00:00 0 
7f8080c93000-7f8080c9a000 r-xp 00000000 08:13 3803505                    /usr/lib64/librt-2.26.so
7f8080c9a000-7f8080c9b000 r--p 00006000 08:13 3803505                    /usr/lib64/librt-2.26.so
7f8080c9b000-7f8080c9c000 rw-p 00007000 08:13 3803505                    /usr/lib64/librt-2.26.so
7f8080c9c000-7f8080c9d000 ---p 00000000 00:00 0 
7f8080c9d000-7f8080ca0000 ---p 00000000 00:00 0 
7f8080ca0000-7f8080d9d000 rw-p 00000000 00:00 0 
7f8080d9d000-7f8080ef1000 r-xp 00000000 08:13 3801975                    /usr/lib64/libm-2.26.so
7f8080ef1000-7f8080ef2000 r--p 00153000 08:13 3801975                    /usr/lib64/libm-2.26.so
7f8080ef2000-7f8080ef3000 rw-p 00154000 08:13 3801975                    /usr/lib64/libm-2.26.so
7f8080ef3000-7f8081b9d000 r-xp 00000000 08:13 4066691                    /usr/lib64/openjdk-8/jre/lib/amd64/server/libjvm.so
7f8081b9d000-7f8081d9d000 ---p 00caa000 08:13 4066691                    /usr/lib64/openjdk-8/jre/lib/amd64/server/libjvm.so
7f8081d9d000-7f8081e31000 r--p 00caa000 08:13 4066691                    /usr/lib64/openjdk-8/jre/lib/amd64/server/libjvm.so
7f8081e31000-7f8081e59000 rw-p 00d3e000 08:13 4066691                    /usr/lib64/openjdk-8/jre/lib/amd64/server/libjvm.so
7f8081e59000-7f8081e8c000 rw-p 00000000 00:00 0 
7f8081e8c000-7f8082067000 r-xp 00000000 08:13 3801926                    /usr/lib64/libc-2.26.so
7f8082067000-7f808206b000 r--p 001da000 08:13 3801926                    /usr/lib64/libc-2.26.so
7f808206b000-7f808206d000 rw-p 001de000 08:13 3801926                    /usr/lib64/libc-2.26.so
7f808206d000-7f8082071000 rw-p 00000000 00:00 0 
7f8082071000-7f8082074000 r-xp 00000000 08:13 3801938                    /usr/lib64/libdl-2.26.so
7f8082074000-7f8082075000 r--p 00002000 08:13 3801938                    /usr/lib64/libdl-2.26.so
7f8082075000-7f8082076000 rw-p 00003000 08:13 3801938                    /usr/lib64/libdl-2.26.so
7f8082076000-7f8082084000 r-xp 00000000 08:13 4067303                    /usr/lib64/openjdk-8/lib/amd64/jli/libjli.so
7f8082084000-7f8082085000 r--p 0000d000 08:13 4067303                    /usr/lib64/openjdk-8/lib/amd64/jli/libjli.so
7f8082085000-7f8082086000 rw-p 0000e000 08:13 4067303                    /usr/lib64/openjdk-8/lib/amd64/jli/libjli.so
7f8082086000-7f808209c000 r-xp 00000000 08:13 3815980                    /usr/lib64/libz.so.1.2.11
7f808209c000-7f808209d000 r--p 00015000 08:13 3815980                    /usr/lib64/libz.so.1.2.11
7f808209d000-7f808209e000 rw-p 00016000 08:13 3815980                    /usr/lib64/libz.so.1.2.11
7f808209e000-7f80820b8000 r-xp 00000000 08:13 3803501                    /usr/lib64/libpthread-2.26.so
7f80820b8000-7f80820b9000 r--p 00019000 08:13 3803501                    /usr/lib64/libpthread-2.26.so
7f80820b9000-7f80820ba000 rw-p 0001a000 08:13 3803501                    /usr/lib64/libpthread-2.26.so
7f80820ba000-7f80820c0000 rw-p 00000000 00:00 0 
7f80820c0000-7f80820c1000 r--s 00004000 08:13 18219805                   /home/tim/.gradle/wrapper/dists/gradle-4.0-bin/3p92xsbhik5vmig8i90n16yxc/gradle-4.0/lib/ant-launcher-1.9.6.jar
7f80820c1000-7f80820c2000 rw-p 00000000 00:00 0 
7f80820c2000-7f80820c3000 ---p 00000000 00:00 0 
7f80820c3000-7f80820d1000 r-xp 00000000 08:13 4066686                    /usr/lib64/openjdk-8/jre/lib/amd64/libverify.so
7f80820d1000-7f80820d3000 r--p 0000d000 08:13 4066686                    /usr/lib64/openjdk-8/jre/lib/amd64/libverify.so
7f80820d3000-7f80820d4000 rw-p 0000f000 08:13 4066686                    /usr/lib64/openjdk-8/jre/lib/amd64/libverify.so
7f80820d4000-7f80820fb000 r-xp 00000000 08:13 3801862                    /usr/lib64/ld-2.26.so
7f80820fb000-7f80820fc000 r--p 00026000 08:13 3801862                    /usr/lib64/ld-2.26.so
7f80820fc000-7f80820fd000 rw-p 00027000 08:13 3801862                    /usr/lib64/ld-2.26.so
7f80820fd000-7f80820fe000 rw-p 00000000 00:00 0 
7ffced7da000-7ffced7fb000 rw-p 00000000 00:00 0                          [stack]
7ffced7fb000-7ffced7fd000 r--p 00000000 00:00 0                          [vvar]
7ffced7fd000-7ffced7ff000 r-xp 00000000 00:00 0                          [vdso]
ffffffffff600000-ffffffffff601000 r-xp 00000000 00:00 0                  [vsyscall]

VM Arguments:
jvm_args: -XX:MaxPermSize=256m -XX:+HeapDumpOnOutOfMemoryError -Xmx1024m -Dfile.encoding=UTF-8 -Duser.country=US -Duser.language=en -Duser.variant 
java_command: org.gradle.launcher.daemon.bootstrap.GradleDaemon 4.0
java_class_path (initial): /home/tim/.gradle/wrapper/dists/gradle-4.0-bin/3p92xsbhik5vmig8i90n16yxc/gradle-4.0/lib/gradle-launcher-4.0.jar
Launcher Type: SUN_STANDARD

Environment Variables:
PATH=/sbin:/bin:/usr/sbin:/usr/bin:/usr/local/bin:/snap/bin
SHELL=/bin/bash
DISPLAY=:0

Signal Handlers:
SIGSEGV: [libjvm.so+0xaab080], sa_mask[0]=11111111011111111101111111111110, sa_flags=SA_RESTART|SA_SIGINFO
SIGBUS: [libjvm.so+0xaab080], sa_mask[0]=11111111011111111101111111111110, sa_flags=SA_RESTART|SA_SIGINFO
SIGFPE: [libjvm.so+0x8e13c0], sa_mask[0]=11111111011111111101111111111110, sa_flags=SA_RESTART|SA_SIGINFO
SIGPIPE: [libjvm.so+0x8e13c0], sa_mask[0]=11111111011111111101111111111110, sa_flags=SA_RESTART|SA_SIGINFO
SIGXFSZ: [libjvm.so+0x8e13c0], sa_mask[0]=11111111011111111101111111111110, sa_flags=SA_RESTART|SA_SIGINFO
SIGILL: [libjvm.so+0x8e13c0], sa_mask[0]=11111111011111111101111111111110, sa_flags=SA_RESTART|SA_SIGINFO
SIGUSR1: SIG_DFL, sa_mask[0]=00000000000000000000000000000000, sa_flags=none
SIGUSR2: [libjvm.so+0x8e1270], sa_mask[0]=00100000000000000000000000000000, sa_flags=SA_RESTART|SA_SIGINFO
SIGHUP: [libjvm.so+0x8e1720], sa_mask[0]=11111111011111111101111111111110, sa_flags=SA_RESTART|SA_SIGINFO
SIGINT: [libjvm.so+0x8e1720], sa_mask[0]=11111111011111111101111111111110, sa_flags=SA_RESTART|SA_SIGINFO
SIGTERM: [libjvm.so+0x8e1720], sa_mask[0]=11111111011111111101111111111110, sa_flags=SA_RESTART|SA_SIGINFO
SIGQUIT: [libjvm.so+0x8e1720], sa_mask[0]=11111111011111111101111111111110, sa_flags=SA_RESTART|SA_SIGINFO


---------------  S Y S T E M  ---------------

OS:LSB_VERSION=1.4
DISTRIB_ID=Solus
DISTRIB_DESCRIPTION="Solus"
DISTRIB_RELEASE=3.999
DISTRIB_CODENAME=shannon

uname:Linux 4.9.88-83.lts #1 SMP PREEMPT Mon Mar 19 16:48:10 UTC 2018 x86_64
libc:glibc 2.26 NPTL 2.26 
rlimit: STACK 8192k, CORE 0k, NPROC 31134, NOFILE 4096, AS infinity
load average:3.68 1.77 1.33

/proc/meminfo:
MemTotal:        7999248 kB
MemFree:          130380 kB
MemAvailable:      50164 kB
Buffers:            1448 kB
Cached:            88724 kB
SwapCached:            0 kB
Active:          7405372 kB
Inactive:          73420 kB
Active(anon):    7391976 kB
Inactive(anon):    49760 kB
Active(file):      13396 kB
Inactive(file):    23660 kB
Unevictable:         264 kB
Mlocked:             264 kB
SwapTotal:             0 kB
SwapFree:              0 kB
Dirty:               856 kB
Writeback:             0 kB
AnonPages:       7389472 kB
Mapped:           106476 kB
Shmem:             52560 kB
Slab:             188980 kB
SReclaimable:      74508 kB
SUnreclaim:       114472 kB
KernelStack:       28480 kB
PageTables:        51688 kB
NFS_Unstable:          0 kB
Bounce:                0 kB
WritebackTmp:          0 kB
CommitLimit:     3999624 kB
Committed_AS:   17176100 kB
VmallocTotal:   34359738367 kB
VmallocUsed:           0 kB
VmallocChunk:          0 kB
AnonHugePages:         0 kB
ShmemHugePages:        0 kB
ShmemPmdMapped:        0 kB
HugePages_Total:       0
HugePages_Free:        0
HugePages_Rsvd:        0
HugePages_Surp:        0
Hugepagesize:       2048 kB
DirectMap4k:      319840 kB
DirectMap2M:     7888896 kB
DirectMap1G:           0 kB


CPU:total 8 (initial active 8) (4 cores per cpu, 2 threads per core) family 6 model 60 stepping 3, cmov, cx8, fxsr, mmx, sse, sse2, sse3, ssse3, sse4.1, sse4.2, popcnt, avx, avx2, aes, clmul, erms, lzcnt, ht, tsc, tscinvbit, bmi1, bmi2

/proc/cpuinfo:
processor	: 0
vendor_id	: GenuineIntel
cpu family	: 6
model		: 60
model name	: Intel(R) Core(TM) i7-4710MQ CPU @ 2.50GHz
stepping	: 3
microcode	: 0x24
cpu MHz		: 2579.040
cache size	: 6144 KB
physical id	: 0
siblings	: 8
core id		: 0
cpu cores	: 4
apicid		: 0
initial apicid	: 0
fpu		: yes
fpu_exception	: yes
cpuid level	: 13
wp		: yes
flags		: fpu vme de pse tsc msr pae mce cx8 apic sep mtrr pge mca cmov pat pse36 clflush dts acpi mmx fxsr sse sse2 ss ht tm pbe syscall nx pdpe1gb rdtscp lm constant_tsc arch_perfmon pebs bts rep_good nopl xtopology nonstop_tsc aperfmperf eagerfpu pni pclmulqdq dtes64 monitor ds_cpl vmx est tm2 ssse3 sdbg fma cx16 xtpr pdcm pcid sse4_1 sse4_2 movbe popcnt tsc_deadline_timer aes xsave avx f16c rdrand lahf_lm abm epb invpcid_single kaiser tpr_shadow vnmi flexpriority ept vpid fsgsbase tsc_adjust bmi1 avx2 smep bmi2 erms invpcid xsaveopt ibpb ibrs stibp dtherm ida arat pln pts
bugs		: cpu_meltdown spectre_v1 spectre_v2
bogomips	: 4988.47
clflush size	: 64
cache_alignment	: 64
address sizes	: 39 bits physical, 48 bits virtual
power management:

processor	: 1
vendor_id	: GenuineIntel
cpu family	: 6
model		: 60
model name	: Intel(R) Core(TM) i7-4710MQ CPU @ 2.50GHz
stepping	: 3
microcode	: 0x24
cpu MHz		: 2500.000
cache size	: 6144 KB
physical id	: 0
siblings	: 8
core id		: 1
cpu cores	: 4
apicid		: 2
initial apicid	: 2
fpu		: yes
fpu_exception	: yes
cpuid level	: 13
wp		: yes
flags		: fpu vme de pse tsc msr pae mce cx8 apic sep mtrr pge mca cmov pat pse36 clflush dts acpi mmx fxsr sse sse2 ss ht tm pbe syscall nx pdpe1gb rdtscp lm constant_tsc arch_perfmon pebs bts rep_good nopl xtopology nonstop_tsc aperfmperf eagerfpu pni pclmulqdq dtes64 monitor ds_cpl vmx est tm2 ssse3 sdbg fma cx16 xtpr pdcm pcid sse4_1 sse4_2 movbe popcnt tsc_deadline_timer aes xsave avx f16c rdrand lahf_lm abm epb invpcid_single kaiser tpr_shadow vnmi flexpriority ept vpid fsgsbase tsc_adjust bmi1 avx2 smep bmi2 erms invpcid xsaveopt ibpb ibrs stibp dtherm ida arat pln pts
bugs		: cpu_meltdown spectre_v1 spectre_v2
bogomips	: 4988.47
clflush size	: 64
cache_alignment	: 64
address sizes	: 39 bits physical, 48 bits virtual
power management:

processor	: 2
vendor_id	: GenuineIntel
cpu family	: 6
model		: 60
model name	: Intel(R) Core(TM) i7-4710MQ CPU @ 2.50GHz
stepping	: 3
microcode	: 0x24
cpu MHz		: 2663.269
cache size	: 6144 KB
physical id	: 0
siblings	: 8
core id		: 2
cpu cores	: 4
apicid		: 4
initial apicid	: 4
fpu		: yes
fpu_exception	: yes
cpuid level	: 13
wp		: yes
flags		: fpu vme de pse tsc msr pae mce cx8 apic sep mtrr pge mca cmov pat pse36 clflush dts acpi mmx fxsr sse sse2 ss ht tm pbe syscall nx pdpe1gb rdtscp lm constant_tsc arch_perfmon pebs bts rep_good nopl xtopology nonstop_tsc aperfmperf eagerfpu pni pclmulqdq dtes64 monitor ds_cpl vmx est tm2 ssse3 sdbg fma cx16 xtpr pdcm pcid sse4_1 sse4_2 movbe popcnt tsc_deadline_timer aes xsave avx f16c rdrand lahf_lm abm epb invpcid_single kaiser tpr_shadow vnmi flexpriority ept vpid fsgsbase tsc_adjust bmi1 avx2 smep bmi2 erms invpcid xsaveopt ibpb ibrs stibp dtherm ida arat pln pts
bugs		: cpu_meltdown spectre_v1 spectre_v2
bogomips	: 4988.47
clflush size	: 64
cache_alignment	: 64
address sizes	: 39 bits physical, 48 bits virtual
power management:

processor	: 3
vendor_id	: GenuineIntel
cpu family	: 6
model		: 60
model name	: Intel(R) Core(TM) i7-4710MQ CPU @ 2.50GHz
stepping	: 3
microcode	: 0x24
cpu MHz		: 2689.361
cache size	: 6144 KB
physical id	: 0
siblings	: 8
core id		: 3
cpu cores	: 4
apicid		: 6
initial apicid	: 6
fpu		: yes
fpu_exception	: yes
cpuid level	: 13
wp		: yes
flags		: fpu vme de pse tsc msr pae mce cx8 apic sep mtrr pge mca cmov pat pse36 clflush dts acpi mmx fxsr sse sse2 ss ht tm pbe syscall nx pdpe1gb rdtscp lm constant_tsc arch_perfmon pebs bts rep_good nopl xtopology nonstop_tsc aperfmperf eagerfpu pni pclmulqdq dtes64 monitor ds_cpl vmx est tm2 ssse3 sdbg fma cx16 xtpr pdcm pcid sse4_1 sse4_2 movbe popcnt tsc_deadline_timer aes xsave avx f16c rdrand lahf_lm abm epb invpcid_single kaiser tpr_shadow vnmi flexpriority ept vpid fsgsbase tsc_adjust bmi1 avx2 smep bmi2 erms invpcid xsaveopt ibpb ibrs stibp dtherm ida arat pln pts
bugs		: cpu_meltdown spectre_v1 spectre_v2
bogomips	: 4988.47
clflush size	: 64
cache_alignment	: 64
address sizes	: 39 bits physical, 48 bits virtual
power management:

processor	: 4
vendor_id	: GenuineIntel
cpu family	: 6
model		: 60
model name	: Intel(R) Core(TM) i7-4710MQ CPU @ 2.50GHz
stepping	: 3
microcode	: 0x24
cpu MHz		: 2499.694
cache size	: 6144 KB
physical id	: 0
siblings	: 8
core id		: 0
cpu cores	: 4
apicid		: 1
initial apicid	: 1
fpu		: yes
fpu_exception	: yes
cpuid level	: 13
wp		: yes
flags		: fpu vme de pse tsc msr pae mce cx8 apic sep mtrr pge mca cmov pat pse36 clflush dts acpi mmx fxsr sse sse2 ss ht tm pbe syscall nx pdpe1gb rdtscp lm constant_tsc arch_perfmon pebs bts rep_good nopl xtopology nonstop_tsc aperfmperf eagerfpu pni pclmulqdq dtes64 monitor ds_cpl vmx est tm2 ssse3 sdbg fma cx16 xtpr pdcm pcid sse4_1 sse4_2 movbe popcnt tsc_deadline_timer aes xsave avx f16c rdrand lahf_lm abm epb invpcid_single kaiser tpr_shadow vnmi flexpriority ept vpid fsgsbase tsc_adjust bmi1 avx2 smep bmi2 erms invpcid xsaveopt ibpb ibrs stibp dtherm ida arat pln pts
bugs		: cpu_meltdown spectre_v1 spectre_v2
bogomips	: 4988.47
clflush size	: 64
cache_alignment	: 64
address sizes	: 39 bits physical, 48 bits virtual
power management:

processor	: 5
vendor_id	: GenuineIntel
cpu family	: 6
model		: 60
model name	: Intel(R) Core(TM) i7-4710MQ CPU @ 2.50GHz
stepping	: 3
microcode	: 0x24
cpu MHz		: 3360.443
cache size	: 6144 KB
physical id	: 0
siblings	: 8
core id		: 1
cpu cores	: 4
apicid		: 3
initial apicid	: 3
fpu		: yes
fpu_exception	: yes
cpuid level	: 13
wp		: yes
flags		: fpu vme de pse tsc msr pae mce cx8 apic sep mtrr pge mca cmov pat pse36 clflush dts acpi mmx fxsr sse sse2 ss ht tm pbe syscall nx pdpe1gb rdtscp lm constant_tsc arch_perfmon pebs bts rep_good nopl xtopology nonstop_tsc aperfmperf eagerfpu pni pclmulqdq dtes64 monitor ds_cpl vmx est tm2 ssse3 sdbg fma cx16 xtpr pdcm pcid sse4_1 sse4_2 movbe popcnt tsc_deadline_timer aes xsave avx f16c rdrand lahf_lm abm epb invpcid_single kaiser tpr_shadow vnmi flexpriority ept vpid fsgsbase tsc_adjust bmi1 avx2 smep bmi2 erms invpcid xsaveopt ibpb ibrs stibp dtherm ida arat pln pts
bugs		: cpu_meltdown spectre_v1 spectre_v2
bogomips	: 4988.47
clflush size	: 64
cache_alignment	: 64
address sizes	: 39 bits physical, 48 bits virtual
power management:

processor	: 6
vendor_id	: GenuineIntel
cpu family	: 6
model		: 60
model name	: Intel(R) Core(TM) i7-4710MQ CPU @ 2.50GHz
stepping	: 3
microcode	: 0x24
cpu MHz		: 2396.545
cache size	: 6144 KB
physical id	: 0
siblings	: 8
core id		: 2
cpu cores	: 4
apicid		: 5
initial apicid	: 5
fpu		: yes
fpu_exception	: yes
cpuid level	: 13
wp		: yes
flags		: fpu vme de pse tsc msr pae mce cx8 apic sep mtrr pge mca cmov pat pse36 clflush dts acpi mmx fxsr sse sse2 ss ht tm pbe syscall nx pdpe1gb rdtscp lm constant_tsc arch_perfmon pebs bts rep_good nopl xtopology nonstop_tsc aperfmperf eagerfpu pni pclmulqdq dtes64 monitor ds_cpl vmx est tm2 ssse3 sdbg fma cx16 xtpr pdcm pcid sse4_1 sse4_2 movbe popcnt tsc_deadline_timer aes xsave avx f16c rdrand lahf_lm abm epb invpcid_single kaiser tpr_shadow vnmi flexpriority ept vpid fsgsbase tsc_adjust bmi1 avx2 smep bmi2 erms invpcid xsaveopt ibpb ibrs stibp dtherm ida arat pln pts
bugs		: cpu_meltdown spectre_v1 spectre_v2
bogomips	: 4988.47
clflush size	: 64
cache_alignment	: 64
address sizes	: 39 bits physical, 48 bits virtual
power management:

processor	: 7
vendor_id	: GenuineIntel
cpu family	: 6
model		: 60
model name	: Intel(R) Core(TM) i7-4710MQ CPU @ 2.50GHz
stepping	: 3
microcode	: 0x24
cpu MHz		: 2498.474
cache size	: 6144 KB
physical id	: 0
siblings	: 8
core id		: 3
cpu cores	: 4
apicid		: 7
initial apicid	: 7
fpu		: yes
fpu_exception	: yes
cpuid level	: 13
wp		: yes
flags		: fpu vme de pse tsc msr pae mce cx8 apic sep mtrr pge mca cmov pat pse36 clflush dts acpi mmx fxsr sse sse2 ss ht tm pbe syscall nx pdpe1gb rdtscp lm constant_tsc arch_perfmon pebs bts rep_good nopl xtopology nonstop_tsc aperfmperf eagerfpu pni pclmulqdq dtes64 monitor ds_cpl vmx est tm2 ssse3 sdbg fma cx16 xtpr pdcm pcid sse4_1 sse4_2 movbe popcnt tsc_deadline_timer aes xsave avx f16c rdrand lahf_lm abm epb invpcid_single kaiser tpr_shadow vnmi flexpriority ept vpid fsgsbase tsc_adjust bmi1 avx2 smep bmi2 erms invpcid xsaveopt ibpb ibrs stibp dtherm ida arat pln pts
bugs		: cpu_meltdown spectre_v1 spectre_v2
bogomips	: 4988.47
clflush size	: 64
cache_alignment	: 64
address sizes	: 39 bits physical, 48 bits virtual
power management:



Memory: 4k page, physical 7999248k(130256k free), swap 0k(0k free)

vm_info: OpenJDK 64-Bit Server VM (25.172-b00) for linux-amd64 JRE (1.8.0_172-solus-b00), built on Mar 22 2018 21:53:04 by "build" with gcc 7.3.0

time: Wed Apr 11 00:43:41 2018
elapsed time: 8 seconds (0d 0h 0m 8s)

